

Microchip MPLAB XC8 Assembler V2.32 build 20210201212658 
                                                                                               Sat Aug 21 23:22:15 2021

Microchip MPLAB XC8 C Compiler v2.32 (Free license) build 20210201212658 Og1 
     1                           	processor	16F887
     2                           	pagewidth 120
     3                           	opt	flic
     4                           	psect	cinit,global,class=CODE,merge=1,delta=2
     5                           	psect	bssCOMMON,global,class=COMMON,space=1,delta=1,noexec
     6                           	psect	cstackCOMMON,global,class=COMMON,space=1,delta=1,noexec
     7                           	psect	maintext,global,class=CODE,split=1,delta=2
     8                           	psect	text1,local,class=CODE,merge=1,delta=2
     9                           	psect	text2,local,class=CODE,merge=1,delta=2
    10                           	psect	text3,local,class=CODE,merge=1,delta=2
    11                           	psect	intentry,global,class=CODE,delta=2
    12                           	psect	config,global,abs,ovrld,class=CONFIG,space=4,delta=2,noexec
    13                           	dabs	1,0x7E,2
    14  0000                     
    15                           ; Version 2.20
    16                           ; Generated 12/02/2020 GMT
    17                           ; 
    18                           ; Copyright © 2020, Microchip Technology Inc. and its subsidiaries ("Microchip")
    19                           ; All rights reserved.
    20                           ; 
    21                           ; This software is developed by Microchip Technology Inc. and its subsidiaries ("Microch
      +                          ip").
    22                           ; 
    23                           ; Redistribution and use in source and binary forms, with or without modification, are
    24                           ; permitted provided that the following conditions are met:
    25                           ; 
    26                           ;     1. Redistributions of source code must retain the above copyright notice, this lis
      +                          t of
    27                           ;        conditions and the following disclaimer.
    28                           ; 
    29                           ;     2. Redistributions in binary form must reproduce the above copyright notice, this 
      +                          list
    30                           ;        of conditions and the following disclaimer in the documentation and/or other
    31                           ;        materials provided with the distribution.
    32                           ; 
    33                           ;     3. Microchip's name may not be used to endorse or promote products derived from th
      +                          is
    34                           ;        software without specific prior written permission.
    35                           ; 
    36                           ; THIS SOFTWARE IS PROVIDED BY MICROCHIP "AS IS" AND ANY EXPRESS OR IMPLIED WARRANTIES,
    37                           ; INCLUDING, BUT NOT LIMITED TO, THE IMPLIED WARRANTIES OF MERCHANTABILITY AND FITNESS F
      +                          OR
    38                           ; PURPOSE ARE DISCLAIMED.  IN NO EVENT SHALL MICROCHIP BE LIABLE FOR ANY DIRECT, INDIREC
      +                          T,
    39                           ; INCIDENTAL, SPECIAL, EXEMPLARY, OR CONSEQUENTIAL DAMAGES (INCLUDING BUT NOT LIMITED TO
    40                           ; PROCUREMENT OF SUBSTITUTE GOODS OR SERVICES; LOSS OF USE, DATA OR PROFITS; OR BUSINESS
    41                           ; INTERRUPTION) HOWSOEVER CAUSED AND ON ANY THEORY OF LIABILITY, WHETHER IN CONTRACT, ST
      +                          RICT
    42                           ; LIABILITY, OR TORT (INCLUDING NEGLIGENCE OR OTHERWISE) ARISING IN ANY WAY OUT OF THE U
      +                          SE OF
    43                           ; THIS SOFTWARE, EVEN IF ADVISED OF THE POSSIBILITY OF SUCH DAMAGE.
    44                           ; 
    45                           ; 
    46                           ; Code-generator required, PIC16F887 Definitions
    47                           ; 
    48                           ; SFR Addresses
    49  0000                     	;# 
    50  0001                     	;# 
    51  0002                     	;# 
    52  0003                     	;# 
    53  0004                     	;# 
    54  0005                     	;# 
    55  0006                     	;# 
    56  0007                     	;# 
    57  0008                     	;# 
    58  0009                     	;# 
    59  000A                     	;# 
    60  000B                     	;# 
    61  000C                     	;# 
    62  000D                     	;# 
    63  000E                     	;# 
    64  000E                     	;# 
    65  000F                     	;# 
    66  0010                     	;# 
    67  0011                     	;# 
    68  0012                     	;# 
    69  0013                     	;# 
    70  0014                     	;# 
    71  0015                     	;# 
    72  0015                     	;# 
    73  0016                     	;# 
    74  0017                     	;# 
    75  0018                     	;# 
    76  0019                     	;# 
    77  001A                     	;# 
    78  001B                     	;# 
    79  001B                     	;# 
    80  001C                     	;# 
    81  001D                     	;# 
    82  001E                     	;# 
    83  001F                     	;# 
    84  0081                     	;# 
    85  0085                     	;# 
    86  0086                     	;# 
    87  0087                     	;# 
    88  0088                     	;# 
    89  0089                     	;# 
    90  008C                     	;# 
    91  008D                     	;# 
    92  008E                     	;# 
    93  008F                     	;# 
    94  0090                     	;# 
    95  0091                     	;# 
    96  0092                     	;# 
    97  0093                     	;# 
    98  0093                     	;# 
    99  0093                     	;# 
   100  0094                     	;# 
   101  0095                     	;# 
   102  0096                     	;# 
   103  0097                     	;# 
   104  0098                     	;# 
   105  0099                     	;# 
   106  009A                     	;# 
   107  009B                     	;# 
   108  009C                     	;# 
   109  009D                     	;# 
   110  009E                     	;# 
   111  009F                     	;# 
   112  0105                     	;# 
   113  0107                     	;# 
   114  0108                     	;# 
   115  0109                     	;# 
   116  010C                     	;# 
   117  010C                     	;# 
   118  010D                     	;# 
   119  010E                     	;# 
   120  010F                     	;# 
   121  0185                     	;# 
   122  0187                     	;# 
   123  0188                     	;# 
   124  0189                     	;# 
   125  018C                     	;# 
   126  018D                     	;# 
   127  0000                     	;# 
   128  0001                     	;# 
   129  0002                     	;# 
   130  0003                     	;# 
   131  0004                     	;# 
   132  0005                     	;# 
   133  0006                     	;# 
   134  0007                     	;# 
   135  0008                     	;# 
   136  0009                     	;# 
   137  000A                     	;# 
   138  000B                     	;# 
   139  000C                     	;# 
   140  000D                     	;# 
   141  000E                     	;# 
   142  000E                     	;# 
   143  000F                     	;# 
   144  0010                     	;# 
   145  0011                     	;# 
   146  0012                     	;# 
   147  0013                     	;# 
   148  0014                     	;# 
   149  0015                     	;# 
   150  0015                     	;# 
   151  0016                     	;# 
   152  0017                     	;# 
   153  0018                     	;# 
   154  0019                     	;# 
   155  001A                     	;# 
   156  001B                     	;# 
   157  001B                     	;# 
   158  001C                     	;# 
   159  001D                     	;# 
   160  001E                     	;# 
   161  001F                     	;# 
   162  0081                     	;# 
   163  0085                     	;# 
   164  0086                     	;# 
   165  0087                     	;# 
   166  0088                     	;# 
   167  0089                     	;# 
   168  008C                     	;# 
   169  008D                     	;# 
   170  008E                     	;# 
   171  008F                     	;# 
   172  0090                     	;# 
   173  0091                     	;# 
   174  0092                     	;# 
   175  0093                     	;# 
   176  0093                     	;# 
   177  0093                     	;# 
   178  0094                     	;# 
   179  0095                     	;# 
   180  0096                     	;# 
   181  0097                     	;# 
   182  0098                     	;# 
   183  0099                     	;# 
   184  009A                     	;# 
   185  009B                     	;# 
   186  009C                     	;# 
   187  009D                     	;# 
   188  009E                     	;# 
   189  009F                     	;# 
   190  0105                     	;# 
   191  0107                     	;# 
   192  0108                     	;# 
   193  0109                     	;# 
   194  010C                     	;# 
   195  010C                     	;# 
   196  010D                     	;# 
   197  010E                     	;# 
   198  010F                     	;# 
   199  0185                     	;# 
   200  0187                     	;# 
   201  0188                     	;# 
   202  0189                     	;# 
   203  018C                     	;# 
   204  018D                     	;# 
   205  0000                     	;# 
   206  0001                     	;# 
   207  0002                     	;# 
   208  0003                     	;# 
   209  0004                     	;# 
   210  0005                     	;# 
   211  0006                     	;# 
   212  0007                     	;# 
   213  0008                     	;# 
   214  0009                     	;# 
   215  000A                     	;# 
   216  000B                     	;# 
   217  000C                     	;# 
   218  000D                     	;# 
   219  000E                     	;# 
   220  000E                     	;# 
   221  000F                     	;# 
   222  0010                     	;# 
   223  0011                     	;# 
   224  0012                     	;# 
   225  0013                     	;# 
   226  0014                     	;# 
   227  0015                     	;# 
   228  0015                     	;# 
   229  0016                     	;# 
   230  0017                     	;# 
   231  0018                     	;# 
   232  0019                     	;# 
   233  001A                     	;# 
   234  001B                     	;# 
   235  001B                     	;# 
   236  001C                     	;# 
   237  001D                     	;# 
   238  001E                     	;# 
   239  001F                     	;# 
   240  0081                     	;# 
   241  0085                     	;# 
   242  0086                     	;# 
   243  0087                     	;# 
   244  0088                     	;# 
   245  0089                     	;# 
   246  008C                     	;# 
   247  008D                     	;# 
   248  008E                     	;# 
   249  008F                     	;# 
   250  0090                     	;# 
   251  0091                     	;# 
   252  0092                     	;# 
   253  0093                     	;# 
   254  0093                     	;# 
   255  0093                     	;# 
   256  0094                     	;# 
   257  0095                     	;# 
   258  0096                     	;# 
   259  0097                     	;# 
   260  0098                     	;# 
   261  0099                     	;# 
   262  009A                     	;# 
   263  009B                     	;# 
   264  009C                     	;# 
   265  009D                     	;# 
   266  009E                     	;# 
   267  009F                     	;# 
   268  0105                     	;# 
   269  0107                     	;# 
   270  0108                     	;# 
   271  0109                     	;# 
   272  010C                     	;# 
   273  010C                     	;# 
   274  010D                     	;# 
   275  010E                     	;# 
   276  010F                     	;# 
   277  0185                     	;# 
   278  0187                     	;# 
   279  0188                     	;# 
   280  0189                     	;# 
   281  018C                     	;# 
   282  018D                     	;# 
   283  000B                     _INTCONbits	set	11
   284  0012                     _T2CONbits	set	18
   285  0017                     _CCP1CONbits	set	23
   286  0009                     _PORTE	set	9
   287  0008                     _PORTD	set	8
   288  0007                     _PORTC	set	7
   289  0006                     _PORTB	set	6
   290  0005                     _PORTA	set	5
   291  0015                     _CCPR1L	set	21
   292  001E                     _ADRESH	set	30
   293  0014                     _SSPCONbits	set	20
   294  000C                     _PIR1bits	set	12
   295  001F                     _ADCON0bits	set	31
   296  0013                     _SSPBUF	set	19
   297  0014                     _SSPCON	set	20
   298  0063                     _SSPIF	set	99
   299  005E                     _PEIE	set	94
   300  005F                     _GIE	set	95
   301  008C                     _PIE1bits	set	140
   302  0092                     _PR2	set	146
   303  009F                     _ADCON1bits	set	159
   304  008F                     _OSCCONbits	set	143
   305  0089                     _TRISE	set	137
   306  0088                     _TRISD	set	136
   307  0087                     _TRISC	set	135
   308  0086                     _TRISB	set	134
   309  0085                     _TRISA	set	133
   310  0094                     _SSPSTATbits	set	148
   311  0091                     _SSPCON2bits	set	145
   312  0087                     _TRISCbits	set	135
   313  0094                     _SSPSTAT	set	148
   314  0093                     _SSPADD	set	147
   315  0091                     _SSPCON2	set	145
   316  04A0                     _BF	set	1184
   317  0463                     _SSPIE	set	1123
   318  043C                     _TRISC4	set	1084
   319  043B                     _TRISC3	set	1083
   320  0189                     _ANSELH	set	393
   321  0188                     _ANSEL	set	392
   322                           
   323                           	psect	cinit
   324  000F                     start_initialization:	
   325                           ; #config settings
   326                           
   327  000F                     __initialization:
   328                           
   329                           ; Clear objects allocated to COMMON
   330  000F  01F6               	clrf	__pbssCOMMON& (0+127)
   331  0010  01F7               	clrf	(__pbssCOMMON+1)& (0+127)
   332  0011                     end_of_initialization:	
   333                           ;End of C runtime variable initialization code
   334                           
   335  0011                     __end_of__initialization:
   336  0011  0183               	clrf	3
   337  0012  120A  118A  28EE   	ljmp	_main	;jump to C main() function
   338                           
   339                           	psect	bssCOMMON
   340  0076                     __pbssCOMMON:
   341  0076                     _z:
   342  0076                     	ds	1
   343  0077                     _Foto:
   344  0077                     	ds	1
   345                           
   346                           	psect	cstackCOMMON
   347  0070                     __pcstackCOMMON:
   348  0070                     ?_setup:
   349  0070                     ?_I2C_Slave_Init:	
   350                           ; 1 bytes @ 0x0
   351                           
   352  0070                     ?_main:	
   353                           ; 1 bytes @ 0x0
   354                           
   355  0070                     ?_isr:	
   356                           ; 1 bytes @ 0x0
   357                           
   358  0070                     ??_isr:	
   359                           ; 1 bytes @ 0x0
   360                           
   361                           
   362                           ; 1 bytes @ 0x0
   363  0070                     	ds	3
   364  0073                     ??_I2C_Slave_Init:
   365  0073                     I2C_Slave_Init@address:	
   366                           ; 1 bytes @ 0x3
   367                           
   368                           
   369                           ; 1 bytes @ 0x3
   370  0073                     	ds	1
   371  0074                     ??_setup:
   372                           
   373                           ; 1 bytes @ 0x4
   374  0074                     	ds	1
   375  0075                     ??_main:
   376                           
   377                           ; 1 bytes @ 0x5
   378  0075                     	ds	1
   379                           
   380                           	psect	maintext
   381  00EE                     __pmaintext:	
   382 ;;
   383 ;;Main: autosize = 0, tempsize = 1, incstack = 0, save=0
   384 ;;
   385 ;; *************** function _main *****************
   386 ;; Defined at:
   387 ;;		line 60 in file "P1 Slave2 Fotores.c"
   388 ;; Parameters:    Size  Location     Type
   389 ;;		None
   390 ;; Auto vars:     Size  Location     Type
   391 ;;		None
   392 ;; Return value:  Size  Location     Type
   393 ;;                  1    wreg      void 
   394 ;; Registers used:
   395 ;;		wreg, status,2, status,0, pclath, cstack
   396 ;; Tracked objects:
   397 ;;		On entry : B00/0
   398 ;;		On exit  : 0/0
   399 ;;		Unchanged: 0/0
   400 ;; Data sizes:     COMMON   BANK0   BANK1   BANK3   BANK2
   401 ;;      Params:         0       0       0       0       0
   402 ;;      Locals:         0       0       0       0       0
   403 ;;      Temps:          1       0       0       0       0
   404 ;;      Totals:         1       0       0       0       0
   405 ;;Total ram usage:        1 bytes
   406 ;; Hardware stack levels required when called: 3
   407 ;; This function calls:
   408 ;;		_setup
   409 ;; This function is called by:
   410 ;;		Startup code after reset
   411 ;; This function uses a non-reentrant model
   412 ;;
   413                           
   414                           
   415                           ;psect for function _main
   416  00EE                     _main:
   417  00EE                     l863:	
   418                           ;incstack = 0
   419                           ; Regs used in _main: [wreg+status,2+status,0+pclath+cstack]
   420                           
   421                           
   422                           ;P1 Slave2 Fotores.c: 61:     setup();
   423  00EE  120A  118A  207F  120A  118A  	fcall	_setup
   424  00F3                     l865:
   425                           
   426                           ;P1 Slave2 Fotores.c: 62:     ADCON0bits.GO = 1;
   427  00F3  1283               	bcf	3,5	;RP0=0, select bank0
   428  00F4  1303               	bcf	3,6	;RP1=0, select bank0
   429  00F5  149F               	bsf	31,1	;volatile
   430  00F6                     l867:
   431                           
   432                           ;P1 Slave2 Fotores.c: 68:         if(ADCON0bits.GO == 0){
   433  00F6  189F               	btfsc	31,1	;volatile
   434  00F7  28F9               	goto	u61
   435  00F8  28FA               	goto	u60
   436  00F9                     u61:
   437  00F9  28F6               	goto	l867
   438  00FA                     u60:
   439  00FA                     l869:
   440                           
   441                           ;P1 Slave2 Fotores.c: 69:             _delay((unsigned long)((50)*(8000000/4000000.0)));
   442  00FA  3021               	movlw	33
   443  00FB  00F5               	movwf	??_main
   444  00FC                     u177:
   445  00FC  0BF5               	decfsz	??_main,f
   446  00FD  28FC               	goto	u177
   447  00FE                     l871:
   448                           
   449                           ;P1 Slave2 Fotores.c: 70:             ADCON0bits.GO = 1;
   450  00FE  1283               	bcf	3,5	;RP0=0, select bank0
   451  00FF  1303               	bcf	3,6	;RP1=0, select bank0
   452  0100  149F               	bsf	31,1	;volatile
   453  0101  28F6               	goto	l867
   454  0102  120A  118A  280C   	ljmp	start
   455  0105                     __end_of_main:
   456                           
   457                           	psect	text1
   458  007F                     __ptext1:	
   459 ;; *************** function _setup *****************
   460 ;; Defined at:
   461 ;;		line 120 in file "P1 Slave2 Fotores.c"
   462 ;; Parameters:    Size  Location     Type
   463 ;;		None
   464 ;; Auto vars:     Size  Location     Type
   465 ;;		None
   466 ;; Return value:  Size  Location     Type
   467 ;;                  1    wreg      void 
   468 ;; Registers used:
   469 ;;		wreg, status,2, status,0, pclath, cstack
   470 ;; Tracked objects:
   471 ;;		On entry : 0/0
   472 ;;		On exit  : 0/0
   473 ;;		Unchanged: 0/0
   474 ;; Data sizes:     COMMON   BANK0   BANK1   BANK3   BANK2
   475 ;;      Params:         0       0       0       0       0
   476 ;;      Locals:         0       0       0       0       0
   477 ;;      Temps:          1       0       0       0       0
   478 ;;      Totals:         1       0       0       0       0
   479 ;;Total ram usage:        1 bytes
   480 ;; Hardware stack levels used: 1
   481 ;; Hardware stack levels required when called: 2
   482 ;; This function calls:
   483 ;;		_I2C_Slave_Init
   484 ;; This function is called by:
   485 ;;		_main
   486 ;; This function uses a non-reentrant model
   487 ;;
   488                           
   489                           
   490                           ;psect for function _setup
   491  007F                     _setup:
   492  007F                     l763:	
   493                           ;incstack = 0
   494                           ; Regs used in _setup: [wreg+status,2+status,0+pclath+cstack]
   495                           
   496                           
   497                           ;P1 Slave2 Fotores.c: 122:     ANSEL = 0x01;
   498  007F  3001               	movlw	1
   499  0080  1683               	bsf	3,5	;RP0=1, select bank3
   500  0081  1703               	bsf	3,6	;RP1=1, select bank3
   501  0082  0088               	movwf	8	;volatile
   502  0083                     l765:
   503                           
   504                           ;P1 Slave2 Fotores.c: 123:     ANSELH = 0x00;
   505  0083  0189               	clrf	9	;volatile
   506  0084                     l767:
   507                           
   508                           ;P1 Slave2 Fotores.c: 125:     TRISA = 0x01;
   509  0084  3001               	movlw	1
   510  0085  1683               	bsf	3,5	;RP0=1, select bank1
   511  0086  1303               	bcf	3,6	;RP1=0, select bank1
   512  0087  0085               	movwf	5	;volatile
   513                           
   514                           ;P1 Slave2 Fotores.c: 126:     TRISB = 0x00;
   515  0088  0186               	clrf	6	;volatile
   516  0089                     l769:
   517                           
   518                           ;P1 Slave2 Fotores.c: 127:     TRISC = 0x08;
   519  0089  3008               	movlw	8
   520  008A  0087               	movwf	7	;volatile
   521  008B                     l771:
   522                           
   523                           ;P1 Slave2 Fotores.c: 128:     TRISD = 0x00;
   524  008B  0188               	clrf	8	;volatile
   525  008C                     l773:
   526                           
   527                           ;P1 Slave2 Fotores.c: 129:     TRISE = 0x00;
   528  008C  0189               	clrf	9	;volatile
   529  008D                     l775:
   530                           
   531                           ;P1 Slave2 Fotores.c: 131:     PORTA = 0x00;
   532  008D  1283               	bcf	3,5	;RP0=0, select bank0
   533  008E  1303               	bcf	3,6	;RP1=0, select bank0
   534  008F  0185               	clrf	5	;volatile
   535  0090                     l777:
   536                           
   537                           ;P1 Slave2 Fotores.c: 132:     PORTB = 0x00;
   538  0090  0186               	clrf	6	;volatile
   539  0091                     l779:
   540                           
   541                           ;P1 Slave2 Fotores.c: 133:     PORTC = 0x00;
   542  0091  0187               	clrf	7	;volatile
   543  0092                     l781:
   544                           
   545                           ;P1 Slave2 Fotores.c: 134:     PORTD = 0x00;
   546  0092  0188               	clrf	8	;volatile
   547  0093                     l783:
   548                           
   549                           ;P1 Slave2 Fotores.c: 135:     PORTE = 0x00;
   550  0093  0189               	clrf	9	;volatile
   551  0094                     l785:
   552                           
   553                           ;P1 Slave2 Fotores.c: 138:     OSCCONbits.IRCF = 0b111;
   554  0094  3070               	movlw	112
   555  0095  1683               	bsf	3,5	;RP0=1, select bank1
   556  0096  1303               	bcf	3,6	;RP1=0, select bank1
   557  0097  048F               	iorwf	15,f	;volatile
   558  0098                     l787:
   559                           
   560                           ;P1 Slave2 Fotores.c: 139:     OSCCONbits.SCS = 1;
   561  0098  140F               	bsf	15,0	;volatile
   562  0099                     l789:
   563                           
   564                           ;P1 Slave2 Fotores.c: 142:     ADCON1bits.ADFM = 0;
   565  0099  139F               	bcf	31,7	;volatile
   566  009A                     l791:
   567                           
   568                           ;P1 Slave2 Fotores.c: 143:     ADCON1bits.VCFG0 = 0;
   569  009A  121F               	bcf	31,4	;volatile
   570  009B                     l793:
   571                           
   572                           ;P1 Slave2 Fotores.c: 144:     ADCON1bits.VCFG1 = 0;
   573  009B  129F               	bcf	31,5	;volatile
   574  009C                     l795:
   575                           
   576                           ;P1 Slave2 Fotores.c: 146:     ADCON0bits.ADCS = 2;
   577  009C  1283               	bcf	3,5	;RP0=0, select bank0
   578  009D  1303               	bcf	3,6	;RP1=0, select bank0
   579  009E  081F               	movf	31,w	;volatile
   580  009F  393F               	andlw	-193
   581  00A0  3880               	iorlw	128
   582  00A1  009F               	movwf	31	;volatile
   583  00A2                     l797:
   584                           
   585                           ;P1 Slave2 Fotores.c: 147:     ADCON0bits.CHS = 0;
   586  00A2  30C3               	movlw	-61
   587  00A3  059F               	andwf	31,f	;volatile
   588  00A4                     l799:
   589                           
   590                           ;P1 Slave2 Fotores.c: 148:     ADCON0bits.ADON = 1;
   591  00A4  141F               	bsf	31,0	;volatile
   592  00A5                     l801:
   593                           
   594                           ;P1 Slave2 Fotores.c: 149:     _delay((unsigned long)((50)*(8000000/4000000.0)));
   595  00A5  3021               	movlw	33
   596  00A6  00F4               	movwf	??_setup
   597  00A7                     u187:
   598  00A7  0BF4               	decfsz	??_setup,f
   599  00A8  28A7               	goto	u187
   600  00A9                     l803:
   601                           
   602                           ;P1 Slave2 Fotores.c: 150:     ADCON0bits.GO = 1;
   603  00A9  1283               	bcf	3,5	;RP0=0, select bank0
   604  00AA  1303               	bcf	3,6	;RP1=0, select bank0
   605  00AB  149F               	bsf	31,1	;volatile
   606  00AC                     l805:
   607                           
   608                           ;P1 Slave2 Fotores.c: 153:     PR2 = 250;
   609  00AC  30FA               	movlw	250
   610  00AD  1683               	bsf	3,5	;RP0=1, select bank1
   611  00AE  1303               	bcf	3,6	;RP1=0, select bank1
   612  00AF  0092               	movwf	18	;volatile
   613  00B0                     l807:
   614                           
   615                           ;P1 Slave2 Fotores.c: 154:     CCP1CONbits.P1M = 0;
   616  00B0  303F               	movlw	-193
   617  00B1  1283               	bcf	3,5	;RP0=0, select bank0
   618  00B2  1303               	bcf	3,6	;RP1=0, select bank0
   619  00B3  0597               	andwf	23,f	;volatile
   620  00B4                     l809:
   621                           
   622                           ;P1 Slave2 Fotores.c: 155:     CCP1CONbits.CCP1M = 0b00001100;
   623  00B4  0817               	movf	23,w	;volatile
   624  00B5  39F0               	andlw	-16
   625  00B6  380C               	iorlw	12
   626  00B7  0097               	movwf	23	;volatile
   627  00B8                     l811:
   628                           
   629                           ;P1 Slave2 Fotores.c: 156:     CCPR1L = 0x0F;
   630  00B8  300F               	movlw	15
   631  00B9  0095               	movwf	21	;volatile
   632                           
   633                           ;P1 Slave2 Fotores.c: 157:     CCP1CONbits.DC1B = 0;
   634  00BA  30CF               	movlw	-49
   635  00BB  0597               	andwf	23,f	;volatile
   636  00BC                     l813:
   637                           
   638                           ;P1 Slave2 Fotores.c: 159:     PIR1bits.TMR2IF = 0;
   639  00BC  108C               	bcf	12,1	;volatile
   640  00BD                     l815:
   641                           
   642                           ;P1 Slave2 Fotores.c: 160:     T2CONbits.T2CKPS1 = 1;
   643  00BD  1492               	bsf	18,1	;volatile
   644  00BE                     l817:
   645                           
   646                           ;P1 Slave2 Fotores.c: 161:     T2CONbits.T2CKPS0 = 1;
   647  00BE  1412               	bsf	18,0	;volatile
   648  00BF                     l819:
   649                           
   650                           ;P1 Slave2 Fotores.c: 162:     T2CONbits.TMR2ON = 1;
   651  00BF  1512               	bsf	18,2	;volatile
   652  00C0                     l150:	
   653                           ;P1 Slave2 Fotores.c: 164:     while (!PIR1bits.TMR2IF);
   654                           
   655  00C0  1C8C               	btfss	12,1	;volatile
   656  00C1  28C3               	goto	u31
   657  00C2  28C4               	goto	u30
   658  00C3                     u31:
   659  00C3  28C0               	goto	l150
   660  00C4                     u30:
   661  00C4                     l152:
   662                           
   663                           ;P1 Slave2 Fotores.c: 165:     PIR1bits.TMR2IF = 0;
   664  00C4  108C               	bcf	12,1	;volatile
   665                           
   666                           ;P1 Slave2 Fotores.c: 168:     INTCONbits.GIE = 1;
   667  00C5  178B               	bsf	11,7	;volatile
   668                           
   669                           ;P1 Slave2 Fotores.c: 169:     INTCONbits.PEIE = 1;
   670  00C6  170B               	bsf	11,6	;volatile
   671                           
   672                           ;P1 Slave2 Fotores.c: 170:     PIE1bits.ADIE = 1;
   673  00C7  1683               	bsf	3,5	;RP0=1, select bank1
   674  00C8  1303               	bcf	3,6	;RP1=0, select bank1
   675  00C9  170C               	bsf	12,6	;volatile
   676                           
   677                           ;P1 Slave2 Fotores.c: 171:     PIR1bits.ADIF = 0;
   678  00CA  1283               	bcf	3,5	;RP0=0, select bank0
   679  00CB  1303               	bcf	3,6	;RP1=0, select bank0
   680  00CC  130C               	bcf	12,6	;volatile
   681  00CD                     l821:
   682                           
   683                           ;P1 Slave2 Fotores.c: 172:     I2C_Slave_Init(0x70);
   684  00CD  3070               	movlw	112
   685  00CE  120A  118A  20D4  120A  118A  	fcall	_I2C_Slave_Init
   686  00D3                     l153:
   687  00D3  0008               	return
   688  00D4                     __end_of_setup:
   689                           
   690                           	psect	text2
   691  00D4                     __ptext2:	
   692 ;; *************** function _I2C_Slave_Init *****************
   693 ;; Defined at:
   694 ;;		line 93 in file "I2C.c"
   695 ;; Parameters:    Size  Location     Type
   696 ;;  address         1    wreg     unsigned char 
   697 ;; Auto vars:     Size  Location     Type
   698 ;;  address         1    3[COMMON] unsigned char 
   699 ;; Return value:  Size  Location     Type
   700 ;;                  1    wreg      void 
   701 ;; Registers used:
   702 ;;		wreg
   703 ;; Tracked objects:
   704 ;;		On entry : 0/0
   705 ;;		On exit  : 0/0
   706 ;;		Unchanged: 0/0
   707 ;; Data sizes:     COMMON   BANK0   BANK1   BANK3   BANK2
   708 ;;      Params:         0       0       0       0       0
   709 ;;      Locals:         1       0       0       0       0
   710 ;;      Temps:          0       0       0       0       0
   711 ;;      Totals:         1       0       0       0       0
   712 ;;Total ram usage:        1 bytes
   713 ;; Hardware stack levels used: 1
   714 ;; Hardware stack levels required when called: 1
   715 ;; This function calls:
   716 ;;		Nothing
   717 ;; This function is called by:
   718 ;;		_setup
   719 ;; This function uses a non-reentrant model
   720 ;;
   721                           
   722                           
   723                           ;psect for function _I2C_Slave_Init
   724  00D4                     _I2C_Slave_Init:
   725                           
   726                           ;incstack = 0
   727                           ; Regs used in _I2C_Slave_Init: [wreg]
   728                           ;I2C_Slave_Init@address stored from wreg
   729  00D4  00F3               	movwf	I2C_Slave_Init@address
   730  00D5                     l745:
   731                           
   732                           ;I2C.c: 93: void I2C_Slave_Init(uint8_t address);I2C.c: 94: {;I2C.c: 95:     SSPADD = ad
      +                          dress;
   733  00D5  0873               	movf	I2C_Slave_Init@address,w
   734  00D6  1683               	bsf	3,5	;RP0=1, select bank1
   735  00D7  1303               	bcf	3,6	;RP1=0, select bank1
   736  00D8  0093               	movwf	19	;volatile
   737                           
   738                           ;I2C.c: 96:     SSPCON = 0x36;
   739  00D9  3036               	movlw	54
   740  00DA  1283               	bcf	3,5	;RP0=0, select bank0
   741  00DB  1303               	bcf	3,6	;RP1=0, select bank0
   742  00DC  0094               	movwf	20	;volatile
   743                           
   744                           ;I2C.c: 97:     SSPSTAT = 0x80;
   745  00DD  3080               	movlw	128
   746  00DE  1683               	bsf	3,5	;RP0=1, select bank1
   747  00DF  1303               	bcf	3,6	;RP1=0, select bank1
   748  00E0  0094               	movwf	20	;volatile
   749                           
   750                           ;I2C.c: 98:     SSPCON2 = 0x01;
   751  00E1  3001               	movlw	1
   752  00E2  0091               	movwf	17	;volatile
   753  00E3                     l747:
   754                           
   755                           ;I2C.c: 99:     TRISC3 = 1;
   756  00E3  1587               	bsf	7,3	;volatile
   757  00E4                     l749:
   758                           
   759                           ;I2C.c: 100:     TRISC4 = 1;
   760  00E4  1607               	bsf	7,4	;volatile
   761  00E5                     l751:
   762                           
   763                           ;I2C.c: 101:     GIE = 1;
   764  00E5  178B               	bsf	11,7	;volatile
   765  00E6                     l753:
   766                           
   767                           ;I2C.c: 102:     PEIE = 1;
   768  00E6  170B               	bsf	11,6	;volatile
   769  00E7                     l755:
   770                           
   771                           ;I2C.c: 103:     SSPIF = 0;
   772  00E7  1283               	bcf	3,5	;RP0=0, select bank0
   773  00E8  1303               	bcf	3,6	;RP1=0, select bank0
   774  00E9  118C               	bcf	12,3	;volatile
   775  00EA                     l757:
   776                           
   777                           ;I2C.c: 104:     SSPIE = 1;
   778  00EA  1683               	bsf	3,5	;RP0=1, select bank1
   779  00EB  1303               	bcf	3,6	;RP1=0, select bank1
   780  00EC  158C               	bsf	12,3	;volatile
   781  00ED                     l55:
   782  00ED  0008               	return
   783  00EE                     __end_of_I2C_Slave_Init:
   784                           
   785                           	psect	text3
   786  0015                     __ptext3:	
   787 ;; *************** function _isr *****************
   788 ;; Defined at:
   789 ;;		line 79 in file "P1 Slave2 Fotores.c"
   790 ;; Parameters:    Size  Location     Type
   791 ;;		None
   792 ;; Auto vars:     Size  Location     Type
   793 ;;		None
   794 ;; Return value:  Size  Location     Type
   795 ;;                  1    wreg      void 
   796 ;; Registers used:
   797 ;;		wreg
   798 ;; Tracked objects:
   799 ;;		On entry : 0/0
   800 ;;		On exit  : 0/0
   801 ;;		Unchanged: 0/0
   802 ;; Data sizes:     COMMON   BANK0   BANK1   BANK3   BANK2
   803 ;;      Params:         0       0       0       0       0
   804 ;;      Locals:         0       0       0       0       0
   805 ;;      Temps:          3       0       0       0       0
   806 ;;      Totals:         3       0       0       0       0
   807 ;;Total ram usage:        3 bytes
   808 ;; Hardware stack levels used: 1
   809 ;; This function calls:
   810 ;;		Nothing
   811 ;; This function is called by:
   812 ;;		Interrupt level 1
   813 ;; This function uses a non-reentrant model
   814 ;;
   815                           
   816                           
   817                           ;psect for function _isr
   818  0015                     _isr:
   819  0015                     i1l873:
   820                           
   821                           ;P1 Slave2 Fotores.c: 80:     if(PIR1bits.SSPIF == 1){
   822  0015  1283               	bcf	3,5	;RP0=0, select bank0
   823  0016  1303               	bcf	3,6	;RP1=0, select bank0
   824  0017  1D8C               	btfss	12,3	;volatile
   825  0018  281A               	goto	u7_21
   826  0019  281B               	goto	u7_20
   827  001A                     u7_21:
   828  001A  286D               	goto	i1l133
   829  001B                     u7_20:
   830  001B                     i1l875:
   831                           
   832                           ;P1 Slave2 Fotores.c: 81:         SSPCONbits.CKP = 0;
   833  001B  1214               	bcf	20,4	;volatile
   834                           
   835                           ;P1 Slave2 Fotores.c: 83:         if ((SSPCONbits.SSPOV) || (SSPCONbits.WCOL)){
   836  001C  1B14               	btfsc	20,6	;volatile
   837  001D  281F               	goto	u8_21
   838  001E  2820               	goto	u8_20
   839  001F                     u8_21:
   840  001F  2824               	goto	i1l879
   841  0020                     u8_20:
   842  0020                     i1l877:
   843  0020  1F94               	btfss	20,7	;volatile
   844  0021  2823               	goto	u9_21
   845  0022  2824               	goto	u9_20
   846  0023                     u9_21:
   847  0023  282B               	goto	i1l887
   848  0024                     u9_20:
   849  0024                     i1l879:
   850                           
   851                           ;P1 Slave2 Fotores.c: 84:             z = SSPBUF;
   852  0024  0813               	movf	19,w	;volatile
   853  0025  00F0               	movwf	??_isr
   854  0026  0870               	movf	??_isr,w
   855  0027  00F6               	movwf	_z
   856  0028                     i1l881:
   857                           
   858                           ;P1 Slave2 Fotores.c: 85:             SSPCONbits.SSPOV = 0;
   859  0028  1314               	bcf	20,6	;volatile
   860  0029                     i1l883:
   861                           
   862                           ;P1 Slave2 Fotores.c: 86:             SSPCONbits.WCOL = 0;
   863  0029  1394               	bcf	20,7	;volatile
   864  002A                     i1l885:
   865                           
   866                           ;P1 Slave2 Fotores.c: 87:             SSPCONbits.CKP = 1;
   867  002A  1614               	bsf	20,4	;volatile
   868  002B                     i1l887:
   869                           
   870                           ;P1 Slave2 Fotores.c: 90:         if(!SSPSTATbits.D_nA && !SSPSTATbits.R_nW) {
   871  002B  1683               	bsf	3,5	;RP0=1, select bank1
   872  002C  1303               	bcf	3,6	;RP1=0, select bank1
   873  002D  1A94               	btfsc	20,5	;volatile
   874  002E  2830               	goto	u10_21
   875  002F  2831               	goto	u10_20
   876  0030                     u10_21:
   877  0030  2849               	goto	i1l137
   878  0031                     u10_20:
   879  0031                     i1l889:
   880  0031  1914               	btfsc	20,2	;volatile
   881  0032  2834               	goto	u11_21
   882  0033  2835               	goto	u11_20
   883  0034                     u11_21:
   884  0034  2849               	goto	i1l137
   885  0035                     u11_20:
   886  0035                     i1l891:
   887                           
   888                           ;P1 Slave2 Fotores.c: 91:             z = SSPBUF;
   889  0035  1283               	bcf	3,5	;RP0=0, select bank0
   890  0036  1303               	bcf	3,6	;RP1=0, select bank0
   891  0037  0813               	movf	19,w	;volatile
   892  0038  00F0               	movwf	??_isr
   893  0039  0870               	movf	??_isr,w
   894  003A  00F6               	movwf	_z
   895  003B                     i1l893:
   896                           
   897                           ;P1 Slave2 Fotores.c: 92:             PIR1bits.SSPIF = 0;
   898  003B  118C               	bcf	12,3	;volatile
   899  003C                     i1l895:
   900                           
   901                           ;P1 Slave2 Fotores.c: 93:             SSPCONbits.CKP = 1;
   902  003C  1614               	bsf	20,4	;volatile
   903  003D                     i1l138:	
   904                           ;P1 Slave2 Fotores.c: 94:             while(!SSPSTATbits.BF);
   905                           
   906  003D  1683               	bsf	3,5	;RP0=1, select bank1
   907  003E  1303               	bcf	3,6	;RP1=0, select bank1
   908  003F  1C14               	btfss	20,0	;volatile
   909  0040  2842               	goto	u12_21
   910  0041  2843               	goto	u12_20
   911  0042                     u12_21:
   912  0042  283D               	goto	i1l138
   913  0043                     u12_20:
   914  0043                     i1l897:
   915                           
   916                           ;P1 Slave2 Fotores.c: 95:             _delay((unsigned long)((250)*(8000000/4000000.0)))
      +                          ;
   917  0043  30A6               	movlw	166
   918  0044  00F0               	movwf	??_isr
   919  0045                     u19_27:
   920  0045  0BF0               	decfsz	??_isr,f
   921  0046  2845               	goto	u19_27
   922  0047  0000               	nop
   923                           
   924                           ;P1 Slave2 Fotores.c: 96:         }
   925  0048  286A               	goto	i1l141
   926  0049                     i1l137:	
   927                           ;P1 Slave2 Fotores.c: 98:         else if(!SSPSTATbits.D_nA && SSPSTATbits.R_nW){
   928                           
   929  0049  1A94               	btfsc	20,5	;volatile
   930  004A  284C               	goto	u13_21
   931  004B  284D               	goto	u13_20
   932  004C                     u13_21:
   933  004C  286A               	goto	i1l141
   934  004D                     u13_20:
   935  004D                     i1l899:
   936  004D  1D14               	btfss	20,2	;volatile
   937  004E  2850               	goto	u14_21
   938  004F  2851               	goto	u14_20
   939  0050                     u14_21:
   940  0050  286A               	goto	i1l141
   941  0051                     u14_20:
   942  0051                     i1l901:
   943                           
   944                           ;P1 Slave2 Fotores.c: 99:             z = SSPBUF;
   945  0051  1283               	bcf	3,5	;RP0=0, select bank0
   946  0052  1303               	bcf	3,6	;RP1=0, select bank0
   947  0053  0813               	movf	19,w	;volatile
   948  0054  00F0               	movwf	??_isr
   949  0055  0870               	movf	??_isr,w
   950  0056  00F6               	movwf	_z
   951  0057                     i1l903:
   952                           
   953                           ;P1 Slave2 Fotores.c: 100:             BF = 0;
   954  0057  1683               	bsf	3,5	;RP0=1, select bank1
   955  0058  1303               	bcf	3,6	;RP1=0, select bank1
   956  0059  1014               	bcf	20,0	;volatile
   957                           
   958                           ;P1 Slave2 Fotores.c: 101:             SSPBUF = Foto;
   959  005A  0877               	movf	_Foto,w
   960  005B  1283               	bcf	3,5	;RP0=0, select bank0
   961  005C  1303               	bcf	3,6	;RP1=0, select bank0
   962  005D  0093               	movwf	19	;volatile
   963  005E                     i1l905:
   964                           
   965                           ;P1 Slave2 Fotores.c: 102:             SSPCONbits.CKP = 1;
   966  005E  1614               	bsf	20,4	;volatile
   967                           
   968                           ;P1 Slave2 Fotores.c: 103:             _delay((unsigned long)((250)*(8000000/4000000.0))
      +                          );
   969  005F  30A6               	movlw	166
   970  0060  00F0               	movwf	??_isr
   971  0061                     u20_27:
   972  0061  0BF0               	decfsz	??_isr,f
   973  0062  2861               	goto	u20_27
   974  0063  0000               	nop
   975  0064                     i1l143:	
   976                           ;P1 Slave2 Fotores.c: 104:             while(SSPSTATbits.BF);
   977                           
   978  0064  1683               	bsf	3,5	;RP0=1, select bank1
   979  0065  1303               	bcf	3,6	;RP1=0, select bank1
   980  0066  1814               	btfsc	20,0	;volatile
   981  0067  2869               	goto	u15_21
   982  0068  286A               	goto	u15_20
   983  0069                     u15_21:
   984  0069  2864               	goto	i1l143
   985  006A                     u15_20:
   986  006A                     i1l141:
   987                           
   988                           ;P1 Slave2 Fotores.c: 106:         PIR1bits.SSPIF = 0;
   989  006A  1283               	bcf	3,5	;RP0=0, select bank0
   990  006B  1303               	bcf	3,6	;RP1=0, select bank0
   991  006C  118C               	bcf	12,3	;volatile
   992  006D                     i1l133:	
   993                           ;P1 Slave2 Fotores.c: 107:     }
   994                           
   995                           
   996                           ;P1 Slave2 Fotores.c: 109:     if (PIR1bits.ADIF) {
   997  006D  1F0C               	btfss	12,6	;volatile
   998  006E  2870               	goto	u16_21
   999  006F  2871               	goto	u16_20
  1000  0070                     u16_21:
  1001  0070  2878               	goto	i1l147
  1002  0071                     u16_20:
  1003  0071                     i1l907:
  1004                           
  1005                           ;P1 Slave2 Fotores.c: 110:         Foto = ADRESH;
  1006  0071  081E               	movf	30,w	;volatile
  1007  0072  00F0               	movwf	??_isr
  1008  0073  0870               	movf	??_isr,w
  1009  0074  00F7               	movwf	_Foto
  1010                           
  1011                           ;P1 Slave2 Fotores.c: 112:         CCPR1L = Foto;
  1012  0075  0877               	movf	_Foto,w
  1013  0076  0095               	movwf	21	;volatile
  1014  0077                     i1l909:
  1015                           
  1016                           ;P1 Slave2 Fotores.c: 113:         PIR1bits.ADIF = 0;
  1017  0077  130C               	bcf	12,6	;volatile
  1018  0078                     i1l147:
  1019  0078  0872               	movf	??_isr+2,w
  1020  0079  008A               	movwf	10
  1021  007A  0E71               	swapf	??_isr+1,w
  1022  007B  0083               	movwf	3
  1023  007C  0EFE               	swapf	btemp,f
  1024  007D  0E7E               	swapf	btemp,w
  1025  007E  0009               	retfie
  1026  007F                     __end_of_isr:
  1027  007E                     btemp	set	126	;btemp
  1028  007E                     wtemp0	set	126
  1029                           
  1030                           	psect	intentry
  1031  0004                     __pintentry:	
  1032                           ;incstack = 0
  1033                           ; Regs used in _isr: [wreg]
  1034                           
  1035  0004                     interrupt_function:
  1036  007E                     saved_w	set	btemp
  1037  0004  00FE               	movwf	btemp
  1038  0005  0E03               	swapf	3,w
  1039  0006  00F1               	movwf	??_isr+1
  1040  0007  080A               	movf	10,w
  1041  0008  00F2               	movwf	??_isr+2
  1042  0009  120A  118A  2815   	ljmp	_isr
  1043                           
  1044                           	psect	config
  1045                           
  1046                           ;Config register CONFIG1 @ 0x2007
  1047                           ;	Oscillator Selection bits
  1048                           ;	FOSC = INTRC_NOCLKOUT, INTOSCIO oscillator: I/O function on RA6/OSC2/CLKOUT pin, I/O f
      +                          unction on RA7/OSC1/CLKIN
  1049                           ;	Watchdog Timer Enable bit
  1050                           ;	WDTE = OFF, WDT disabled and can be enabled by SWDTEN bit of the WDTCON register
  1051                           ;	Power-up Timer Enable bit
  1052                           ;	PWRTE = ON, PWRT enabled
  1053                           ;	RE3/MCLR pin function select bit
  1054                           ;	MCLRE = OFF, RE3/MCLR pin function is digital input, MCLR internally tied to VDD
  1055                           ;	Code Protection bit
  1056                           ;	CP = OFF, Program memory code protection is disabled
  1057                           ;	Data Code Protection bit
  1058                           ;	CPD = OFF, Data memory code protection is disabled
  1059                           ;	Brown Out Reset Selection bits
  1060                           ;	BOREN = OFF, BOR disabled
  1061                           ;	Internal External Switchover bit
  1062                           ;	IESO = OFF, Internal/External Switchover mode is disabled
  1063                           ;	Fail-Safe Clock Monitor Enabled bit
  1064                           ;	FCMEN = OFF, Fail-Safe Clock Monitor is disabled
  1065                           ;	Low Voltage Programming Enable bit
  1066                           ;	LVP = OFF, RB3 pin has digital I/O, HV on MCLR must be used for programming
  1067                           ;	In-Circuit Debugger Mode bit
  1068                           ;	DEBUG = 0x1, unprogrammed default
  1069  2007                     	org	8199
  1070  2007  20C4               	dw	8388
  1071                           
  1072                           ;Config register CONFIG2 @ 0x2008
  1073                           ;	Brown-out Reset Selection bit
  1074                           ;	BOR4V = BOR40V, Brown-out Reset set to 4.0V
  1075                           ;	Flash Program Memory Self Write Enable bits
  1076                           ;	WRT = OFF, Write protection off
  1077  2008                     	org	8200
  1078  2008  3FFF               	dw	16383

Data Sizes:
    Strings     0
    Constant    0
    Data        0
    BSS         2
    Persistent  0
    Stack       0

Auto Spaces:
    Space          Size  Autos    Used
    COMMON           14      6       8
    BANK0            80      0       0
    BANK1            80      0       0
    BANK3            96      0       0
    BANK2            96      0       0

Pointer List with Targets:

    None.

Critical Paths under _main in COMMON

    _main->_setup
    _setup->_I2C_Slave_Init

Critical Paths under _isr in COMMON

    None.

Critical Paths under _main in BANK0

    None.

Critical Paths under _isr in BANK0

    None.

Critical Paths under _main in BANK1

    None.

Critical Paths under _isr in BANK1

    None.

Critical Paths under _main in BANK3

    None.

Critical Paths under _isr in BANK3

    None.

Critical Paths under _main in BANK2

    None.

Critical Paths under _isr in BANK2

    None.

Call Graph Tables:

 ---------------------------------------------------------------------------------
 (Depth) Function   	        Calls       Base Space   Used Autos Params    Refs
 ---------------------------------------------------------------------------------
 (0) _main                                                 1     1      0      15
                                              5 COMMON     1     1      0
                              _setup
 ---------------------------------------------------------------------------------
 (1) _setup                                                1     1      0      15
                                              4 COMMON     1     1      0
                     _I2C_Slave_Init
 ---------------------------------------------------------------------------------
 (2) _I2C_Slave_Init                                       1     1      0      15
                                              3 COMMON     1     1      0
 ---------------------------------------------------------------------------------
 Estimated maximum stack depth 2
 ---------------------------------------------------------------------------------
 (Depth) Function   	        Calls       Base Space   Used Autos Params    Refs
 ---------------------------------------------------------------------------------
 (3) _isr                                                  3     3      0       0
                                              0 COMMON     3     3      0
 ---------------------------------------------------------------------------------
 Estimated maximum stack depth 3
 ---------------------------------------------------------------------------------

 Call Graph Graphs:

 _main (ROOT)
   _setup
     _I2C_Slave_Init

 _isr (ROOT)

 Address spaces:
Name               Size   Autos  Total    Cost      Usage
BITCOMMON            E      0       0       0        0.0%
EEDATA             100      0       0       0        0.0%
NULL                 0      0       0       0        0.0%
CODE                 0      0       0       0        0.0%
COMMON               E      6       8       1       57.1%
BITSFR0              0      0       0       1        0.0%
SFR0                 0      0       0       1        0.0%
BITSFR1              0      0       0       2        0.0%
SFR1                 0      0       0       2        0.0%
STACK                0      0       0       2        0.0%
ABS                  0      0       8       3        0.0%
BITBANK0            50      0       0       4        0.0%
BITSFR3              0      0       0       4        0.0%
SFR3                 0      0       0       4        0.0%
BANK0               50      0       0       5        0.0%
BITSFR2              0      0       0       5        0.0%
SFR2                 0      0       0       5        0.0%
BITBANK1            50      0       0       6        0.0%
BANK1               50      0       0       7        0.0%
BITBANK3            60      0       0       8        0.0%
BANK3               60      0       0       9        0.0%
BITBANK2            60      0       0      10        0.0%
BANK2               60      0       0      11        0.0%
DATA                 0      0       8      12        0.0%


Microchip Technology PIC Macro Assembler V2.32 build 20210201212658 
Symbol Table                                                                                   Sat Aug 21 23:22:15 2021

                      _z 0076              _SSPSTATbits 0094                       _BF 04A0  
                     l55 00ED                       u30 00C4                       u31 00C3  
                     u60 00FA                       u61 00F9                      l150 00C0  
                    l152 00C4                      l153 00D3                      l801 00A5  
                    l811 00B8                      l803 00A9                      l821 00CD  
                    l813 00BC                      l805 00AC                      l751 00E5  
                    l815 00BD                      l807 00B0                      l753 00E6  
                    l745 00D5                      l817 00BE                      l809 00B4  
                    l755 00E7                      l747 00E3                      l819 00BF  
                    l771 008B                      l763 007F                      l757 00EA  
                    l749 00E4                      l781 0092                      l773 008C  
                    l765 0083                      l791 009A                      l783 0093  
                    l775 008D                      l767 0084                      l871 00FE  
                    l863 00EE                      l793 009B                      l785 0094  
                    l777 0090                      l769 0089                      l865 00F3  
                    l795 009C                      l787 0098                      l779 0091  
                    l867 00F6                      l797 00A2                      l789 0099  
                    l869 00FA                      l799 00A4                      _GIE 005F  
                    _PR2 0092                      u177 00FC                      u187 00A7  
                    _isr 0015                     ?_isr 0070                     _PEIE 005E  
                   u7_20 001B                     u7_21 001A                     u8_20 0020  
                   u8_21 001F                     u9_20 0024                     u9_21 0023  
                   _Foto 0077                     _main 00EE                     btemp 007E  
                   start 000C                    ??_isr 0070                    ?_main 0070  
                  _ANSEL 0188                    i1l141 006A                    i1l133 006D  
                  i1l143 0064                    i1l137 0049                    i1l138 003D  
                  i1l147 0078                    i1l901 0051                    i1l903 0057  
                  i1l905 005E                    i1l907 0071                    i1l909 0077  
                  i1l881 0028                    i1l873 0015                    i1l891 0035  
                  i1l883 0029                    i1l875 001B                    i1l893 003B  
                  i1l885 002A                    i1l877 0020                    i1l895 003C  
                  i1l887 002B                    i1l879 0024                    i1l897 0043  
                  i1l889 0031                    i1l899 004D                    u10_20 0031  
                  u10_21 0030                    u11_20 0035                    u11_21 0034  
                  u12_20 0043                    u12_21 0042                    u20_27 0061  
                  u13_20 004D                    u13_21 004C                    u14_20 0051  
                  u14_21 0050                    u15_20 006A                    u15_21 0069  
                  u16_20 0071                    u16_21 0070                    _PORTA 0005  
                  _PORTB 0006                    _PORTC 0007                    _PORTD 0008  
                  _PORTE 0009                    u19_27 0045                    _TRISA 0085  
                  _TRISB 0086                    _TRISC 0087                    _TRISD 0088  
                  _SSPIE 0463                    _TRISE 0089                    _SSPIF 0063  
                  _setup 007F                    pclath 000A                    status 0003  
                  wtemp0 007E          __initialization 000F             __end_of_main 0105  
                 ??_main 0075                   _ADRESH 001E                   _CCPR1L 0015  
                 ?_setup 0070                   _ANSELH 0189                   _SSPADD 0093  
                 _TRISC3 043B                   _TRISC4 043C                   _SSPCON 0014  
                 _SSPBUF 0013                   saved_w 007E  __end_of__initialization 0011  
         __pcstackCOMMON 0070  __size_of_I2C_Slave_Init 001A            __end_of_setup 00D4  
                ??_setup 0074    I2C_Slave_Init@address 0073               __pmaintext 00EE  
             __pintentry 0004                  _SSPCON2 0091                  _SSPSTAT 0094  
                __ptext1 007F                  __ptext2 00D4                  __ptext3 0015  
              _T2CONbits 0012             __size_of_isr 006A     end_of_initialization 0011  
         _I2C_Slave_Init 00D4                _TRISCbits 0087              _CCP1CONbits 0017  
 __end_of_I2C_Slave_Init 00EE      start_initialization 000F              __end_of_isr 007F  
        ?_I2C_Slave_Init 0070              __pbssCOMMON 0076                ___latbits 0002  
         __size_of_setup 0055        interrupt_function 0004                 _PIE1bits 008C  
               _PIR1bits 000C               _ADCON0bits 001F               _ADCON1bits 009F  
       ??_I2C_Slave_Init 0073            __size_of_main 0017               _INTCONbits 000B  
               intlevel1 0000               _OSCCONbits 008F              _SSPCON2bits 0091  
             _SSPCONbits 0014  
