

Microchip MPLAB XC8 Assembler V2.32 build 20210201212658 
                                                                                               Mon Aug 23 11:19:44 2021

Microchip MPLAB XC8 C Compiler v2.32 (Free license) build 20210201212658 Og1 
     1                           	processor	16F887
     2                           	pagewidth 120
     3                           	opt	flic
     4                           	psect	cinit,global,class=CODE,merge=1,delta=2
     5                           	psect	bssCOMMON,global,class=COMMON,space=1,delta=1,noexec
     6                           	psect	bssBANK0,global,class=BANK0,space=1,delta=1,noexec
     7                           	psect	cstackCOMMON,global,class=COMMON,space=1,delta=1,noexec
     8                           	psect	cstackBANK0,global,class=BANK0,space=1,delta=1,noexec
     9                           	psect	maintext,global,class=CODE,split=1,delta=2
    10                           	psect	text1,local,class=CODE,merge=1,delta=2
    11                           	psect	text2,local,class=CODE,merge=1,delta=2
    12                           	psect	text3,local,class=CODE,merge=1,delta=2
    13                           	psect	text4,local,class=CODE,merge=1,delta=2
    14                           	psect	text5,local,class=CODE,merge=1,delta=2,group=1
    15                           	psect	text6,local,class=CODE,merge=1,delta=2
    16                           	psect	intentry,global,class=CODE,delta=2
    17                           	psect	config,global,abs,ovrld,class=CONFIG,space=4,delta=2,noexec
    18                           	dabs	1,0x7E,2
    19  0000                     
    20                           ; Version 2.20
    21                           ; Generated 12/02/2020 GMT
    22                           ; 
    23                           ; Copyright © 2020, Microchip Technology Inc. and its subsidiaries ("Microchip")
    24                           ; All rights reserved.
    25                           ; 
    26                           ; This software is developed by Microchip Technology Inc. and its subsidiaries ("Microch
      +                          ip").
    27                           ; 
    28                           ; Redistribution and use in source and binary forms, with or without modification, are
    29                           ; permitted provided that the following conditions are met:
    30                           ; 
    31                           ;     1. Redistributions of source code must retain the above copyright notice, this lis
      +                          t of
    32                           ;        conditions and the following disclaimer.
    33                           ; 
    34                           ;     2. Redistributions in binary form must reproduce the above copyright notice, this 
      +                          list
    35                           ;        of conditions and the following disclaimer in the documentation and/or other
    36                           ;        materials provided with the distribution.
    37                           ; 
    38                           ;     3. Microchip's name may not be used to endorse or promote products derived from th
      +                          is
    39                           ;        software without specific prior written permission.
    40                           ; 
    41                           ; THIS SOFTWARE IS PROVIDED BY MICROCHIP "AS IS" AND ANY EXPRESS OR IMPLIED WARRANTIES,
    42                           ; INCLUDING, BUT NOT LIMITED TO, THE IMPLIED WARRANTIES OF MERCHANTABILITY AND FITNESS F
      +                          OR
    43                           ; PURPOSE ARE DISCLAIMED.  IN NO EVENT SHALL MICROCHIP BE LIABLE FOR ANY DIRECT, INDIREC
      +                          T,
    44                           ; INCIDENTAL, SPECIAL, EXEMPLARY, OR CONSEQUENTIAL DAMAGES (INCLUDING BUT NOT LIMITED TO
    45                           ; PROCUREMENT OF SUBSTITUTE GOODS OR SERVICES; LOSS OF USE, DATA OR PROFITS; OR BUSINESS
    46                           ; INTERRUPTION) HOWSOEVER CAUSED AND ON ANY THEORY OF LIABILITY, WHETHER IN CONTRACT, ST
      +                          RICT
    47                           ; LIABILITY, OR TORT (INCLUDING NEGLIGENCE OR OTHERWISE) ARISING IN ANY WAY OUT OF THE U
      +                          SE OF
    48                           ; THIS SOFTWARE, EVEN IF ADVISED OF THE POSSIBILITY OF SUCH DAMAGE.
    49                           ; 
    50                           ; 
    51                           ; Code-generator required, PIC16F887 Definitions
    52                           ; 
    53                           ; SFR Addresses
    54  0000                     	;# 
    55  0001                     	;# 
    56  0002                     	;# 
    57  0003                     	;# 
    58  0004                     	;# 
    59  0005                     	;# 
    60  0006                     	;# 
    61  0007                     	;# 
    62  0008                     	;# 
    63  0009                     	;# 
    64  000A                     	;# 
    65  000B                     	;# 
    66  000C                     	;# 
    67  000D                     	;# 
    68  000E                     	;# 
    69  000E                     	;# 
    70  000F                     	;# 
    71  0010                     	;# 
    72  0011                     	;# 
    73  0012                     	;# 
    74  0013                     	;# 
    75  0014                     	;# 
    76  0015                     	;# 
    77  0015                     	;# 
    78  0016                     	;# 
    79  0017                     	;# 
    80  0018                     	;# 
    81  0019                     	;# 
    82  001A                     	;# 
    83  001B                     	;# 
    84  001B                     	;# 
    85  001C                     	;# 
    86  001D                     	;# 
    87  001E                     	;# 
    88  001F                     	;# 
    89  0081                     	;# 
    90  0085                     	;# 
    91  0086                     	;# 
    92  0087                     	;# 
    93  0088                     	;# 
    94  0089                     	;# 
    95  008C                     	;# 
    96  008D                     	;# 
    97  008E                     	;# 
    98  008F                     	;# 
    99  0090                     	;# 
   100  0091                     	;# 
   101  0092                     	;# 
   102  0093                     	;# 
   103  0093                     	;# 
   104  0093                     	;# 
   105  0094                     	;# 
   106  0095                     	;# 
   107  0096                     	;# 
   108  0097                     	;# 
   109  0098                     	;# 
   110  0099                     	;# 
   111  009A                     	;# 
   112  009B                     	;# 
   113  009C                     	;# 
   114  009D                     	;# 
   115  009E                     	;# 
   116  009F                     	;# 
   117  0105                     	;# 
   118  0107                     	;# 
   119  0108                     	;# 
   120  0109                     	;# 
   121  010C                     	;# 
   122  010C                     	;# 
   123  010D                     	;# 
   124  010E                     	;# 
   125  010F                     	;# 
   126  0185                     	;# 
   127  0187                     	;# 
   128  0188                     	;# 
   129  0189                     	;# 
   130  018C                     	;# 
   131  018D                     	;# 
   132  0000                     	;# 
   133  0001                     	;# 
   134  0002                     	;# 
   135  0003                     	;# 
   136  0004                     	;# 
   137  0005                     	;# 
   138  0006                     	;# 
   139  0007                     	;# 
   140  0008                     	;# 
   141  0009                     	;# 
   142  000A                     	;# 
   143  000B                     	;# 
   144  000C                     	;# 
   145  000D                     	;# 
   146  000E                     	;# 
   147  000E                     	;# 
   148  000F                     	;# 
   149  0010                     	;# 
   150  0011                     	;# 
   151  0012                     	;# 
   152  0013                     	;# 
   153  0014                     	;# 
   154  0015                     	;# 
   155  0015                     	;# 
   156  0016                     	;# 
   157  0017                     	;# 
   158  0018                     	;# 
   159  0019                     	;# 
   160  001A                     	;# 
   161  001B                     	;# 
   162  001B                     	;# 
   163  001C                     	;# 
   164  001D                     	;# 
   165  001E                     	;# 
   166  001F                     	;# 
   167  0081                     	;# 
   168  0085                     	;# 
   169  0086                     	;# 
   170  0087                     	;# 
   171  0088                     	;# 
   172  0089                     	;# 
   173  008C                     	;# 
   174  008D                     	;# 
   175  008E                     	;# 
   176  008F                     	;# 
   177  0090                     	;# 
   178  0091                     	;# 
   179  0092                     	;# 
   180  0093                     	;# 
   181  0093                     	;# 
   182  0093                     	;# 
   183  0094                     	;# 
   184  0095                     	;# 
   185  0096                     	;# 
   186  0097                     	;# 
   187  0098                     	;# 
   188  0099                     	;# 
   189  009A                     	;# 
   190  009B                     	;# 
   191  009C                     	;# 
   192  009D                     	;# 
   193  009E                     	;# 
   194  009F                     	;# 
   195  0105                     	;# 
   196  0107                     	;# 
   197  0108                     	;# 
   198  0109                     	;# 
   199  010C                     	;# 
   200  010C                     	;# 
   201  010D                     	;# 
   202  010E                     	;# 
   203  010F                     	;# 
   204  0185                     	;# 
   205  0187                     	;# 
   206  0188                     	;# 
   207  0189                     	;# 
   208  018C                     	;# 
   209  018D                     	;# 
   210  0000                     	;# 
   211  0001                     	;# 
   212  0002                     	;# 
   213  0003                     	;# 
   214  0004                     	;# 
   215  0005                     	;# 
   216  0006                     	;# 
   217  0007                     	;# 
   218  0008                     	;# 
   219  0009                     	;# 
   220  000A                     	;# 
   221  000B                     	;# 
   222  000C                     	;# 
   223  000D                     	;# 
   224  000E                     	;# 
   225  000E                     	;# 
   226  000F                     	;# 
   227  0010                     	;# 
   228  0011                     	;# 
   229  0012                     	;# 
   230  0013                     	;# 
   231  0014                     	;# 
   232  0015                     	;# 
   233  0015                     	;# 
   234  0016                     	;# 
   235  0017                     	;# 
   236  0018                     	;# 
   237  0019                     	;# 
   238  001A                     	;# 
   239  001B                     	;# 
   240  001B                     	;# 
   241  001C                     	;# 
   242  001D                     	;# 
   243  001E                     	;# 
   244  001F                     	;# 
   245  0081                     	;# 
   246  0085                     	;# 
   247  0086                     	;# 
   248  0087                     	;# 
   249  0088                     	;# 
   250  0089                     	;# 
   251  008C                     	;# 
   252  008D                     	;# 
   253  008E                     	;# 
   254  008F                     	;# 
   255  0090                     	;# 
   256  0091                     	;# 
   257  0092                     	;# 
   258  0093                     	;# 
   259  0093                     	;# 
   260  0093                     	;# 
   261  0094                     	;# 
   262  0095                     	;# 
   263  0096                     	;# 
   264  0097                     	;# 
   265  0098                     	;# 
   266  0099                     	;# 
   267  009A                     	;# 
   268  009B                     	;# 
   269  009C                     	;# 
   270  009D                     	;# 
   271  009E                     	;# 
   272  009F                     	;# 
   273  0105                     	;# 
   274  0107                     	;# 
   275  0108                     	;# 
   276  0109                     	;# 
   277  010C                     	;# 
   278  010C                     	;# 
   279  010D                     	;# 
   280  010E                     	;# 
   281  010F                     	;# 
   282  0185                     	;# 
   283  0187                     	;# 
   284  0188                     	;# 
   285  0189                     	;# 
   286  018C                     	;# 
   287  018D                     	;# 
   288  000E                     _TMR1	set	14
   289  000B                     _INTCONbits	set	11
   290  0010                     _T1CONbits	set	16
   291  0009                     _PORTE	set	9
   292  0008                     _PORTD	set	8
   293  0007                     _PORTC	set	7
   294  0006                     _PORTB	set	6
   295  0005                     _PORTA	set	5
   296  0014                     _SSPCONbits	set	20
   297  000C                     _PIR1bits	set	12
   298  0006                     _PORTBbits	set	6
   299  0013                     _SSPBUF	set	19
   300  0014                     _SSPCON	set	20
   301  0031                     _RB1	set	49
   302  0030                     _RB0	set	48
   303  0063                     _SSPIF	set	99
   304  005E                     _PEIE	set	94
   305  005F                     _GIE	set	95
   306  008F                     _OSCCONbits	set	143
   307  0089                     _TRISE	set	137
   308  0088                     _TRISD	set	136
   309  0087                     _TRISC	set	135
   310  0086                     _TRISB	set	134
   311  0085                     _TRISA	set	133
   312  0094                     _SSPSTATbits	set	148
   313  0091                     _SSPCON2bits	set	145
   314  0087                     _TRISCbits	set	135
   315  0094                     _SSPSTAT	set	148
   316  0093                     _SSPADD	set	147
   317  0091                     _SSPCON2	set	145
   318  04A0                     _BF	set	1184
   319  0463                     _SSPIE	set	1123
   320  043C                     _TRISC4	set	1084
   321  043B                     _TRISC3	set	1083
   322  0188                     _ANSEL	set	392
   323  0189                     _ANSELH	set	393
   324                           
   325                           	psect	cinit
   326  000F                     start_initialization:	
   327                           ; #config settings
   328                           
   329  000F                     __initialization:
   330                           
   331                           ; Clear objects allocated to COMMON
   332  000F  01F8               	clrf	__pbssCOMMON& (0+127)
   333  0010  01F9               	clrf	(__pbssCOMMON+1)& (0+127)
   334                           
   335                           ; Clear objects allocated to BANK0
   336  0011  1283               	bcf	3,5	;RP0=0, select bank0
   337  0012  1303               	bcf	3,6	;RP1=0, select bank0
   338  0013  01A6               	clrf	__pbssBANK0& (0+127)
   339  0014  01A7               	clrf	(__pbssBANK0+1)& (0+127)
   340  0015                     end_of_initialization:	
   341                           ;End of C runtime variable initialization code
   342                           
   343  0015                     __end_of__initialization:
   344  0015  0183               	clrf	3
   345  0016  120A  118A  2878   	ljmp	_main	;jump to C main() function
   346                           
   347                           	psect	bssCOMMON
   348  0078                     __pbssCOMMON:
   349  0078                     _z:
   350  0078                     	ds	1
   351  0079                     _distancia:
   352  0079                     	ds	1
   353                           
   354                           	psect	bssBANK0
   355  0026                     __pbssBANK0:
   356  0026                     _duracion:
   357  0026                     	ds	2
   358                           
   359                           	psect	cstackCOMMON
   360  0070                     __pcstackCOMMON:
   361  0070                     ?_setup:
   362  0070                     ?_pulseOut:	
   363                           ; 1 bytes @ 0x0
   364                           
   365  0070                     ?_pulseIn:	
   366                           ; 1 bytes @ 0x0
   367                           
   368  0070                     ?_I2C_Slave_Init:	
   369                           ; 1 bytes @ 0x0
   370                           
   371  0070                     ?_main:	
   372                           ; 1 bytes @ 0x0
   373                           
   374  0070                     ?_isr:	
   375                           ; 1 bytes @ 0x0
   376                           
   377  0070                     ??_isr:	
   378                           ; 1 bytes @ 0x0
   379                           
   380                           
   381                           ; 1 bytes @ 0x0
   382  0070                     	ds	3
   383  0073                     ??_pulseOut:
   384  0073                     ??_pulseIn:	
   385                           ; 1 bytes @ 0x3
   386                           
   387  0073                     ??_I2C_Slave_Init:	
   388                           ; 1 bytes @ 0x3
   389                           
   390  0073                     ?___lwdiv:	
   391                           ; 1 bytes @ 0x3
   392                           
   393  0073                     I2C_Slave_Init@address:	
   394                           ; 2 bytes @ 0x3
   395                           
   396  0073                     ___lwdiv@divisor:	
   397                           ; 1 bytes @ 0x3
   398                           
   399                           
   400                           ; 2 bytes @ 0x3
   401  0073                     	ds	1
   402  0074                     ??_setup:
   403                           
   404                           ; 1 bytes @ 0x4
   405  0074                     	ds	1
   406  0075                     ___lwdiv@dividend:
   407                           
   408                           ; 2 bytes @ 0x5
   409  0075                     	ds	2
   410  0077                     ??___lwdiv:
   411                           
   412                           ; 1 bytes @ 0x7
   413  0077                     	ds	1
   414                           
   415                           	psect	cstackBANK0
   416  0020                     __pcstackBANK0:
   417  0020                     ___lwdiv@counter:
   418                           
   419                           ; 1 bytes @ 0x0
   420  0020                     	ds	1
   421  0021                     ___lwdiv@quotient:
   422                           
   423                           ; 2 bytes @ 0x1
   424  0021                     	ds	2
   425  0023                     ??_main:
   426                           
   427                           ; 1 bytes @ 0x3
   428  0023                     	ds	3
   429                           
   430                           	psect	maintext
   431  0078                     __pmaintext:	
   432 ;;
   433 ;;Main: autosize = 0, tempsize = 3, incstack = 0, save=0
   434 ;;
   435 ;; *************** function _main *****************
   436 ;; Defined at:
   437 ;;		line 62 in file "P1 Slave3 HC-SR04.c"
   438 ;; Parameters:    Size  Location     Type
   439 ;;		None
   440 ;; Auto vars:     Size  Location     Type
   441 ;;		None
   442 ;; Return value:  Size  Location     Type
   443 ;;                  1    wreg      void 
   444 ;; Registers used:
   445 ;;		wreg, status,2, status,0, pclath, cstack
   446 ;; Tracked objects:
   447 ;;		On entry : B00/0
   448 ;;		On exit  : 0/0
   449 ;;		Unchanged: 0/0
   450 ;; Data sizes:     COMMON   BANK0   BANK1   BANK3   BANK2
   451 ;;      Params:         0       0       0       0       0
   452 ;;      Locals:         0       0       0       0       0
   453 ;;      Temps:          0       3       0       0       0
   454 ;;      Totals:         0       3       0       0       0
   455 ;;Total ram usage:        3 bytes
   456 ;; Hardware stack levels required when called: 3
   457 ;; This function calls:
   458 ;;		___lwdiv
   459 ;;		_pulseIn
   460 ;;		_pulseOut
   461 ;;		_setup
   462 ;; This function is called by:
   463 ;;		Startup code after reset
   464 ;; This function uses a non-reentrant model
   465 ;;
   466                           
   467                           
   468                           ;psect for function _main
   469  0078                     _main:
   470  0078                     l1041:	
   471                           ;incstack = 0
   472                           ; Regs used in _main: [wreg+status,2+status,0+pclath+cstack]
   473                           
   474                           
   475                           ;P1 Slave3 HC-SR04.c: 63:     setup();
   476  0078  120A  118A  2112  120A  118A  	fcall	_setup
   477  007D                     l1043:
   478                           
   479                           ;P1 Slave3 HC-SR04.c: 64:     TMR1 = 0;
   480  007D  1283               	bcf	3,5	;RP0=0, select bank0
   481  007E  1303               	bcf	3,6	;RP1=0, select bank0
   482  007F  018E               	clrf	14	;volatile
   483  0080  018F               	clrf	15	;volatile
   484  0081                     l1045:
   485                           
   486                           ;P1 Slave3 HC-SR04.c: 70:         PORTBbits.RB2 = 0;
   487  0081  1283               	bcf	3,5	;RP0=0, select bank0
   488  0082  1303               	bcf	3,6	;RP1=0, select bank0
   489  0083  1106               	bcf	6,2	;volatile
   490  0084                     l1047:
   491                           
   492                           ;P1 Slave3 HC-SR04.c: 71:         pulseOut();
   493  0084  120A  118A  2156  120A  118A  	fcall	_pulseOut
   494  0089                     l1049:
   495                           
   496                           ;P1 Slave3 HC-SR04.c: 72:         pulseIn();
   497  0089  120A  118A  2164  120A  118A  	fcall	_pulseIn
   498  008E                     l1051:
   499                           
   500                           ;P1 Slave3 HC-SR04.c: 73:         duracion = TMR1;
   501  008E  1283               	bcf	3,5	;RP0=0, select bank0
   502  008F  1303               	bcf	3,6	;RP1=0, select bank0
   503  0090  080F               	movf	15,w	;volatile
   504  0091  00A7               	movwf	_duracion+1
   505  0092  080E               	movf	14,w	;volatile
   506  0093  00A6               	movwf	_duracion
   507  0094                     l1053:
   508                           
   509                           ;P1 Slave3 HC-SR04.c: 74:         distancia = (duracion)/58;
   510  0094  303A               	movlw	58
   511  0095  00F3               	movwf	___lwdiv@divisor
   512  0096  3000               	movlw	0
   513  0097  00F4               	movwf	___lwdiv@divisor+1
   514  0098  0827               	movf	_duracion+1,w
   515  0099  00F6               	movwf	___lwdiv@dividend+1
   516  009A  0826               	movf	_duracion,w
   517  009B  00F5               	movwf	___lwdiv@dividend
   518  009C  120A  118A  20CC  120A  118A  	fcall	___lwdiv
   519  00A1  0873               	movf	?___lwdiv,w
   520  00A2  1283               	bcf	3,5	;RP0=0, select bank0
   521  00A3  1303               	bcf	3,6	;RP1=0, select bank0
   522  00A4  00A3               	movwf	??_main
   523  00A5  0823               	movf	??_main,w
   524  00A6  00F9               	movwf	_distancia
   525  00A7                     l1055:
   526                           
   527                           ;P1 Slave3 HC-SR04.c: 76:         if(distancia > 32){
   528  00A7  3021               	movlw	33
   529  00A8  0279               	subwf	_distancia,w
   530  00A9  1C03               	skipc
   531  00AA  28AC               	goto	u451
   532  00AB  28AD               	goto	u450
   533  00AC                     u451:
   534  00AC  2881               	goto	l1045
   535  00AD                     u450:
   536  00AD                     l1057:
   537                           
   538                           ;P1 Slave3 HC-SR04.c: 77:             PORTBbits.RB2 = ~PORTBbits.RB2;
   539  00AD  1003               	clrc
   540  00AE  1D06               	btfss	6,2	;volatile
   541  00AF  1403               	setc
   542  00B0  1803               	btfsc	3,0
   543  00B1  28B3               	goto	u461
   544  00B2  28B7               	goto	u460
   545  00B3                     u461:
   546  00B3  1283               	bcf	3,5	;RP0=0, select bank0
   547  00B4  1303               	bcf	3,6	;RP1=0, select bank0
   548  00B5  1506               	bsf	6,2	;volatile
   549  00B6  28BA               	goto	u474
   550  00B7                     u460:
   551  00B7  1283               	bcf	3,5	;RP0=0, select bank0
   552  00B8  1303               	bcf	3,6	;RP1=0, select bank0
   553  00B9  1106               	bcf	6,2	;volatile
   554  00BA                     u474:
   555  00BA                     l1059:
   556                           
   557                           ;P1 Slave3 HC-SR04.c: 78:             _delay((unsigned long)((500)*(8000000/4000.0)));
   558  00BA  3006               	movlw	6
   559  00BB  1283               	bcf	3,5	;RP0=0, select bank0
   560  00BC  1303               	bcf	3,6	;RP1=0, select bank0
   561  00BD  00A5               	movwf	??_main+2
   562  00BE  3013               	movlw	19
   563  00BF  00A4               	movwf	??_main+1
   564  00C0  30AD               	movlw	173
   565  00C1  00A3               	movwf	??_main
   566  00C2                     u487:
   567  00C2  0BA3               	decfsz	??_main,f
   568  00C3  28C2               	goto	u487
   569  00C4  0BA4               	decfsz	??_main+1,f
   570  00C5  28C2               	goto	u487
   571  00C6  0BA5               	decfsz	??_main+2,f
   572  00C7  28C2               	goto	u487
   573  00C8  2881               	goto	l1045
   574  00C9  120A  118A  280C   	ljmp	start
   575  00CC                     __end_of_main:
   576                           
   577                           	psect	text1
   578  0112                     __ptext1:	
   579 ;; *************** function _setup *****************
   580 ;; Defined at:
   581 ;;		line 121 in file "P1 Slave3 HC-SR04.c"
   582 ;; Parameters:    Size  Location     Type
   583 ;;		None
   584 ;; Auto vars:     Size  Location     Type
   585 ;;		None
   586 ;; Return value:  Size  Location     Type
   587 ;;                  1    wreg      void 
   588 ;; Registers used:
   589 ;;		wreg, status,2, status,0, pclath, cstack
   590 ;; Tracked objects:
   591 ;;		On entry : 0/0
   592 ;;		On exit  : 0/0
   593 ;;		Unchanged: 0/0
   594 ;; Data sizes:     COMMON   BANK0   BANK1   BANK3   BANK2
   595 ;;      Params:         0       0       0       0       0
   596 ;;      Locals:         0       0       0       0       0
   597 ;;      Temps:          0       0       0       0       0
   598 ;;      Totals:         0       0       0       0       0
   599 ;;Total ram usage:        0 bytes
   600 ;; Hardware stack levels used: 1
   601 ;; Hardware stack levels required when called: 2
   602 ;; This function calls:
   603 ;;		_I2C_Slave_Init
   604 ;; This function is called by:
   605 ;;		_main
   606 ;; This function uses a non-reentrant model
   607 ;;
   608                           
   609                           
   610                           ;psect for function _setup
   611  0112                     _setup:
   612  0112                     l937:	
   613                           ;incstack = 0
   614                           ; Regs used in _setup: [wreg+status,2+status,0+pclath+cstack]
   615                           
   616                           
   617                           ;P1 Slave3 HC-SR04.c: 123:     ANSELH = 0x00;
   618  0112  1683               	bsf	3,5	;RP0=1, select bank3
   619  0113  1703               	bsf	3,6	;RP1=1, select bank3
   620  0114  0189               	clrf	9	;volatile
   621                           
   622                           ;P1 Slave3 HC-SR04.c: 124:     ANSEL = 0x00;
   623  0115  0188               	clrf	8	;volatile
   624                           
   625                           ;P1 Slave3 HC-SR04.c: 126:     TRISA = 0x00;
   626  0116  1683               	bsf	3,5	;RP0=1, select bank1
   627  0117  1303               	bcf	3,6	;RP1=0, select bank1
   628  0118  0185               	clrf	5	;volatile
   629  0119                     l939:
   630                           
   631                           ;P1 Slave3 HC-SR04.c: 127:     TRISB = 0x02;
   632  0119  3002               	movlw	2
   633  011A  0086               	movwf	6	;volatile
   634  011B                     l941:
   635                           
   636                           ;P1 Slave3 HC-SR04.c: 128:     TRISC = 0x08;
   637  011B  3008               	movlw	8
   638  011C  0087               	movwf	7	;volatile
   639                           
   640                           ;P1 Slave3 HC-SR04.c: 129:     TRISD = 0x00;
   641  011D  0188               	clrf	8	;volatile
   642                           
   643                           ;P1 Slave3 HC-SR04.c: 130:     TRISE = 0x00;
   644  011E  0189               	clrf	9	;volatile
   645                           
   646                           ;P1 Slave3 HC-SR04.c: 132:     PORTA = 0x00;
   647  011F  1283               	bcf	3,5	;RP0=0, select bank0
   648  0120  1303               	bcf	3,6	;RP1=0, select bank0
   649  0121  0185               	clrf	5	;volatile
   650                           
   651                           ;P1 Slave3 HC-SR04.c: 133:     PORTB = 0x00;
   652  0122  0186               	clrf	6	;volatile
   653                           
   654                           ;P1 Slave3 HC-SR04.c: 134:     PORTC = 0x00;
   655  0123  0187               	clrf	7	;volatile
   656                           
   657                           ;P1 Slave3 HC-SR04.c: 135:     PORTD = 0x00;
   658  0124  0188               	clrf	8	;volatile
   659                           
   660                           ;P1 Slave3 HC-SR04.c: 136:     PORTE = 0x00;
   661  0125  0189               	clrf	9	;volatile
   662  0126                     l943:
   663                           
   664                           ;P1 Slave3 HC-SR04.c: 139:     OSCCONbits.IRCF = 0b111;
   665  0126  3070               	movlw	112
   666  0127  1683               	bsf	3,5	;RP0=1, select bank1
   667  0128  1303               	bcf	3,6	;RP1=0, select bank1
   668  0129  048F               	iorwf	15,f	;volatile
   669  012A                     l945:
   670                           
   671                           ;P1 Slave3 HC-SR04.c: 140:     OSCCONbits.SCS = 1;
   672  012A  140F               	bsf	15,0	;volatile
   673  012B                     l947:
   674                           
   675                           ;P1 Slave3 HC-SR04.c: 143:     T1CONbits.TMR1GE = 0;
   676  012B  1283               	bcf	3,5	;RP0=0, select bank0
   677  012C  1303               	bcf	3,6	;RP1=0, select bank0
   678  012D  1310               	bcf	16,6	;volatile
   679  012E                     l949:
   680                           
   681                           ;P1 Slave3 HC-SR04.c: 144:     T1CONbits.TMR1CS = 0;
   682  012E  1090               	bcf	16,1	;volatile
   683  012F                     l951:
   684                           
   685                           ;P1 Slave3 HC-SR04.c: 145:     T1CONbits.T1CKPS = 0b01;
   686  012F  0810               	movf	16,w	;volatile
   687  0130  39CF               	andlw	-49
   688  0131  3810               	iorlw	16
   689  0132  0090               	movwf	16	;volatile
   690  0133                     l953:
   691                           
   692                           ;P1 Slave3 HC-SR04.c: 148:     INTCONbits.GIE = 1;
   693  0133  178B               	bsf	11,7	;volatile
   694  0134                     l955:
   695                           
   696                           ;P1 Slave3 HC-SR04.c: 149:     INTCONbits.PEIE = 1;
   697  0134  170B               	bsf	11,6	;volatile
   698  0135                     l957:
   699                           
   700                           ;P1 Slave3 HC-SR04.c: 150:     I2C_Slave_Init(0x80);
   701  0135  3080               	movlw	128
   702  0136  120A  118A  213C  120A  118A  	fcall	_I2C_Slave_Init
   703  013B                     l149:
   704  013B  0008               	return
   705  013C                     __end_of_setup:
   706                           
   707                           	psect	text2
   708  013C                     __ptext2:	
   709 ;; *************** function _I2C_Slave_Init *****************
   710 ;; Defined at:
   711 ;;		line 93 in file "I2C.c"
   712 ;; Parameters:    Size  Location     Type
   713 ;;  address         1    wreg     unsigned char 
   714 ;; Auto vars:     Size  Location     Type
   715 ;;  address         1    3[COMMON] unsigned char 
   716 ;; Return value:  Size  Location     Type
   717 ;;                  1    wreg      void 
   718 ;; Registers used:
   719 ;;		wreg
   720 ;; Tracked objects:
   721 ;;		On entry : 0/0
   722 ;;		On exit  : 0/0
   723 ;;		Unchanged: 0/0
   724 ;; Data sizes:     COMMON   BANK0   BANK1   BANK3   BANK2
   725 ;;      Params:         0       0       0       0       0
   726 ;;      Locals:         1       0       0       0       0
   727 ;;      Temps:          0       0       0       0       0
   728 ;;      Totals:         1       0       0       0       0
   729 ;;Total ram usage:        1 bytes
   730 ;; Hardware stack levels used: 1
   731 ;; Hardware stack levels required when called: 1
   732 ;; This function calls:
   733 ;;		Nothing
   734 ;; This function is called by:
   735 ;;		_setup
   736 ;; This function uses a non-reentrant model
   737 ;;
   738                           
   739                           
   740                           ;psect for function _I2C_Slave_Init
   741  013C                     _I2C_Slave_Init:
   742                           
   743                           ;incstack = 0
   744                           ; Regs used in _I2C_Slave_Init: [wreg]
   745                           ;I2C_Slave_Init@address stored from wreg
   746  013C  00F3               	movwf	I2C_Slave_Init@address
   747  013D                     l923:
   748                           
   749                           ;I2C.c: 93: void I2C_Slave_Init(uint8_t address);I2C.c: 94: {;I2C.c: 95:     SSPADD = ad
      +                          dress;
   750  013D  0873               	movf	I2C_Slave_Init@address,w
   751  013E  1683               	bsf	3,5	;RP0=1, select bank1
   752  013F  1303               	bcf	3,6	;RP1=0, select bank1
   753  0140  0093               	movwf	19	;volatile
   754                           
   755                           ;I2C.c: 96:     SSPCON = 0x36;
   756  0141  3036               	movlw	54
   757  0142  1283               	bcf	3,5	;RP0=0, select bank0
   758  0143  1303               	bcf	3,6	;RP1=0, select bank0
   759  0144  0094               	movwf	20	;volatile
   760                           
   761                           ;I2C.c: 97:     SSPSTAT = 0x80;
   762  0145  3080               	movlw	128
   763  0146  1683               	bsf	3,5	;RP0=1, select bank1
   764  0147  1303               	bcf	3,6	;RP1=0, select bank1
   765  0148  0094               	movwf	20	;volatile
   766                           
   767                           ;I2C.c: 98:     SSPCON2 = 0x01;
   768  0149  3001               	movlw	1
   769  014A  0091               	movwf	17	;volatile
   770  014B                     l925:
   771                           
   772                           ;I2C.c: 99:     TRISC3 = 1;
   773  014B  1587               	bsf	7,3	;volatile
   774  014C                     l927:
   775                           
   776                           ;I2C.c: 100:     TRISC4 = 1;
   777  014C  1607               	bsf	7,4	;volatile
   778  014D                     l929:
   779                           
   780                           ;I2C.c: 101:     GIE = 1;
   781  014D  178B               	bsf	11,7	;volatile
   782  014E                     l931:
   783                           
   784                           ;I2C.c: 102:     PEIE = 1;
   785  014E  170B               	bsf	11,6	;volatile
   786  014F                     l933:
   787                           
   788                           ;I2C.c: 103:     SSPIF = 0;
   789  014F  1283               	bcf	3,5	;RP0=0, select bank0
   790  0150  1303               	bcf	3,6	;RP1=0, select bank0
   791  0151  118C               	bcf	12,3	;volatile
   792  0152                     l935:
   793                           
   794                           ;I2C.c: 104:     SSPIE = 1;
   795  0152  1683               	bsf	3,5	;RP0=1, select bank1
   796  0153  1303               	bcf	3,6	;RP1=0, select bank1
   797  0154  158C               	bsf	12,3	;volatile
   798  0155                     l55:
   799  0155  0008               	return
   800  0156                     __end_of_I2C_Slave_Init:
   801                           
   802                           	psect	text3
   803  0156                     __ptext3:	
   804 ;; *************** function _pulseOut *****************
   805 ;; Defined at:
   806 ;;		line 153 in file "P1 Slave3 HC-SR04.c"
   807 ;; Parameters:    Size  Location     Type
   808 ;;		None
   809 ;; Auto vars:     Size  Location     Type
   810 ;;		None
   811 ;; Return value:  Size  Location     Type
   812 ;;                  1    wreg      void 
   813 ;; Registers used:
   814 ;;		wreg, status,2
   815 ;; Tracked objects:
   816 ;;		On entry : 0/0
   817 ;;		On exit  : 0/0
   818 ;;		Unchanged: 0/0
   819 ;; Data sizes:     COMMON   BANK0   BANK1   BANK3   BANK2
   820 ;;      Params:         0       0       0       0       0
   821 ;;      Locals:         0       0       0       0       0
   822 ;;      Temps:          1       0       0       0       0
   823 ;;      Totals:         1       0       0       0       0
   824 ;;Total ram usage:        1 bytes
   825 ;; Hardware stack levels used: 1
   826 ;; Hardware stack levels required when called: 1
   827 ;; This function calls:
   828 ;;		Nothing
   829 ;; This function is called by:
   830 ;;		_main
   831 ;; This function uses a non-reentrant model
   832 ;;
   833                           
   834                           
   835                           ;psect for function _pulseOut
   836  0156                     _pulseOut:
   837  0156                     l959:	
   838                           ;incstack = 0
   839                           ; Regs used in _pulseOut: [wreg+status,2]
   840                           
   841                           
   842                           ;P1 Slave3 HC-SR04.c: 154:     RB0 = 1;
   843  0156  1283               	bcf	3,5	;RP0=0, select bank0
   844  0157  1303               	bcf	3,6	;RP1=0, select bank0
   845  0158  1406               	bsf	6,0	;volatile
   846  0159                     l961:
   847                           
   848                           ;P1 Slave3 HC-SR04.c: 155:     _delay((unsigned long)((15)*(8000000/4000000.0)));
   849  0159  3009               	movlw	9
   850  015A  00F3               	movwf	??_pulseOut
   851  015B                     u497:
   852  015B  0BF3               	decfsz	??_pulseOut,f
   853  015C  295B               	goto	u497
   854  015D  295E               	nop2
   855  015E                     l963:
   856                           
   857                           ;P1 Slave3 HC-SR04.c: 156:     RB0 = 0;
   858  015E  1283               	bcf	3,5	;RP0=0, select bank0
   859  015F  1303               	bcf	3,6	;RP1=0, select bank0
   860  0160  1006               	bcf	6,0	;volatile
   861  0161                     l965:
   862                           
   863                           ;P1 Slave3 HC-SR04.c: 157:     TMR1 = 0;
   864  0161  018E               	clrf	14	;volatile
   865  0162  018F               	clrf	15	;volatile
   866  0163                     l152:
   867  0163  0008               	return
   868  0164                     __end_of_pulseOut:
   869                           
   870                           	psect	text4
   871  0164                     __ptext4:	
   872 ;; *************** function _pulseIn *****************
   873 ;; Defined at:
   874 ;;		line 160 in file "P1 Slave3 HC-SR04.c"
   875 ;; Parameters:    Size  Location     Type
   876 ;;		None
   877 ;; Auto vars:     Size  Location     Type
   878 ;;		None
   879 ;; Return value:  Size  Location     Type
   880 ;;                  1    wreg      void 
   881 ;; Registers used:
   882 ;;		None
   883 ;; Tracked objects:
   884 ;;		On entry : 0/0
   885 ;;		On exit  : 0/0
   886 ;;		Unchanged: 0/0
   887 ;; Data sizes:     COMMON   BANK0   BANK1   BANK3   BANK2
   888 ;;      Params:         0       0       0       0       0
   889 ;;      Locals:         0       0       0       0       0
   890 ;;      Temps:          0       0       0       0       0
   891 ;;      Totals:         0       0       0       0       0
   892 ;;Total ram usage:        0 bytes
   893 ;; Hardware stack levels used: 1
   894 ;; Hardware stack levels required when called: 1
   895 ;; This function calls:
   896 ;;		Nothing
   897 ;; This function is called by:
   898 ;;		_main
   899 ;; This function uses a non-reentrant model
   900 ;;
   901                           
   902                           
   903                           ;psect for function _pulseIn
   904  0164                     _pulseIn:
   905  0164                     l967:	
   906                           ;incstack = 0
   907                           ; Regs used in _pulseIn: []
   908                           
   909  0164                     l155:	
   910                           ;P1 Slave3 HC-SR04.c: 161:     while (!RB1);
   911                           
   912  0164  1283               	bcf	3,5	;RP0=0, select bank0
   913  0165  1303               	bcf	3,6	;RP1=0, select bank0
   914  0166  1C86               	btfss	6,1	;volatile
   915  0167  2969               	goto	u261
   916  0168  296A               	goto	u260
   917  0169                     u261:
   918  0169  2964               	goto	l155
   919  016A                     u260:
   920  016A                     l157:
   921                           
   922                           ;P1 Slave3 HC-SR04.c: 162:     T1CONbits.TMR1ON = 1;
   923  016A  1410               	bsf	16,0	;volatile
   924  016B                     l158:	
   925                           ;P1 Slave3 HC-SR04.c: 163:     while(RB1);
   926                           
   927  016B  1886               	btfsc	6,1	;volatile
   928  016C  296E               	goto	u271
   929  016D  296F               	goto	u270
   930  016E                     u271:
   931  016E  296B               	goto	l158
   932  016F                     u270:
   933  016F                     l160:
   934                           
   935                           ;P1 Slave3 HC-SR04.c: 164:     T1CONbits.TMR1ON = 0;
   936  016F  1010               	bcf	16,0	;volatile
   937  0170                     l161:
   938  0170  0008               	return
   939  0171                     __end_of_pulseIn:
   940                           
   941                           	psect	text5
   942  00CC                     __ptext5:	
   943 ;; *************** function ___lwdiv *****************
   944 ;; Defined at:
   945 ;;		line 5 in file "C:\Program Files\Microchip\xc8\v2.32\pic\sources\c90\common\lwdiv.c"
   946 ;; Parameters:    Size  Location     Type
   947 ;;  divisor         2    3[COMMON] unsigned int 
   948 ;;  dividend        2    5[COMMON] unsigned int 
   949 ;; Auto vars:     Size  Location     Type
   950 ;;  quotient        2    1[BANK0 ] unsigned int 
   951 ;;  counter         1    0[BANK0 ] unsigned char 
   952 ;; Return value:  Size  Location     Type
   953 ;;                  2    3[COMMON] unsigned int 
   954 ;; Registers used:
   955 ;;		wreg, status,2, status,0
   956 ;; Tracked objects:
   957 ;;		On entry : 0/0
   958 ;;		On exit  : 0/0
   959 ;;		Unchanged: 0/0
   960 ;; Data sizes:     COMMON   BANK0   BANK1   BANK3   BANK2
   961 ;;      Params:         4       0       0       0       0
   962 ;;      Locals:         0       3       0       0       0
   963 ;;      Temps:          1       0       0       0       0
   964 ;;      Totals:         5       3       0       0       0
   965 ;;Total ram usage:        8 bytes
   966 ;; Hardware stack levels used: 1
   967 ;; Hardware stack levels required when called: 1
   968 ;; This function calls:
   969 ;;		Nothing
   970 ;; This function is called by:
   971 ;;		_main
   972 ;; This function uses a non-reentrant model
   973 ;;
   974                           
   975                           
   976                           ;psect for function ___lwdiv
   977  00CC                     ___lwdiv:
   978  00CC                     l1015:	
   979                           ;incstack = 0
   980                           ; Regs used in ___lwdiv: [wreg+status,2+status,0]
   981                           
   982  00CC  1283               	bcf	3,5	;RP0=0, select bank0
   983  00CD  1303               	bcf	3,6	;RP1=0, select bank0
   984  00CE  01A1               	clrf	___lwdiv@quotient
   985  00CF  01A2               	clrf	___lwdiv@quotient+1
   986  00D0                     l1017:
   987  00D0  0873               	movf	___lwdiv@divisor,w
   988  00D1  0474               	iorwf	___lwdiv@divisor+1,w
   989  00D2  1903               	btfsc	3,2
   990  00D3  28D5               	goto	u381
   991  00D4  28D6               	goto	u380
   992  00D5                     u381:
   993  00D5  290D               	goto	l1037
   994  00D6                     u380:
   995  00D6                     l1019:
   996  00D6  01A0               	clrf	___lwdiv@counter
   997  00D7  0AA0               	incf	___lwdiv@counter,f
   998  00D8  28E4               	goto	l1025
   999  00D9                     l1021:
  1000  00D9  3001               	movlw	1
  1001  00DA                     u395:
  1002  00DA  1003               	clrc
  1003  00DB  0DF3               	rlf	___lwdiv@divisor,f
  1004  00DC  0DF4               	rlf	___lwdiv@divisor+1,f
  1005  00DD  3EFF               	addlw	-1
  1006  00DE  1D03               	skipz
  1007  00DF  28DA               	goto	u395
  1008  00E0                     l1023:
  1009  00E0  3001               	movlw	1
  1010  00E1  00F7               	movwf	??___lwdiv
  1011  00E2  0877               	movf	??___lwdiv,w
  1012  00E3  07A0               	addwf	___lwdiv@counter,f
  1013  00E4                     l1025:
  1014  00E4  1FF4               	btfss	___lwdiv@divisor+1,7
  1015  00E5  28E7               	goto	u401
  1016  00E6  28E8               	goto	u400
  1017  00E7                     u401:
  1018  00E7  28D9               	goto	l1021
  1019  00E8                     u400:
  1020  00E8                     l1027:
  1021  00E8  3001               	movlw	1
  1022  00E9                     u415:
  1023  00E9  1003               	clrc
  1024  00EA  0DA1               	rlf	___lwdiv@quotient,f
  1025  00EB  0DA2               	rlf	___lwdiv@quotient+1,f
  1026  00EC  3EFF               	addlw	-1
  1027  00ED  1D03               	skipz
  1028  00EE  28E9               	goto	u415
  1029  00EF  0874               	movf	___lwdiv@divisor+1,w
  1030  00F0  0276               	subwf	___lwdiv@dividend+1,w
  1031  00F1  1D03               	skipz
  1032  00F2  28F5               	goto	u425
  1033  00F3  0873               	movf	___lwdiv@divisor,w
  1034  00F4  0275               	subwf	___lwdiv@dividend,w
  1035  00F5                     u425:
  1036  00F5  1C03               	skipc
  1037  00F6  28F8               	goto	u421
  1038  00F7  28F9               	goto	u420
  1039  00F8                     u421:
  1040  00F8  2900               	goto	l1033
  1041  00F9                     u420:
  1042  00F9                     l1029:
  1043  00F9  0873               	movf	___lwdiv@divisor,w
  1044  00FA  02F5               	subwf	___lwdiv@dividend,f
  1045  00FB  0874               	movf	___lwdiv@divisor+1,w
  1046  00FC  1C03               	skipc
  1047  00FD  03F6               	decf	___lwdiv@dividend+1,f
  1048  00FE  02F6               	subwf	___lwdiv@dividend+1,f
  1049  00FF                     l1031:
  1050  00FF  1421               	bsf	___lwdiv@quotient,0
  1051  0100                     l1033:
  1052  0100  3001               	movlw	1
  1053  0101                     u435:
  1054  0101  1003               	clrc
  1055  0102  0CF4               	rrf	___lwdiv@divisor+1,f
  1056  0103  0CF3               	rrf	___lwdiv@divisor,f
  1057  0104  3EFF               	addlw	-1
  1058  0105  1D03               	skipz
  1059  0106  2901               	goto	u435
  1060  0107                     l1035:
  1061  0107  3001               	movlw	1
  1062  0108  02A0               	subwf	___lwdiv@counter,f
  1063  0109  1D03               	btfss	3,2
  1064  010A  290C               	goto	u441
  1065  010B  290D               	goto	u440
  1066  010C                     u441:
  1067  010C  28E8               	goto	l1027
  1068  010D                     u440:
  1069  010D                     l1037:
  1070  010D  0822               	movf	___lwdiv@quotient+1,w
  1071  010E  00F4               	movwf	?___lwdiv+1
  1072  010F  0821               	movf	___lwdiv@quotient,w
  1073  0110  00F3               	movwf	?___lwdiv
  1074  0111                     l519:
  1075  0111  0008               	return
  1076  0112                     __end_of___lwdiv:
  1077                           
  1078                           	psect	text6
  1079  0019                     __ptext6:	
  1080 ;; *************** function _isr *****************
  1081 ;; Defined at:
  1082 ;;		line 87 in file "P1 Slave3 HC-SR04.c"
  1083 ;; Parameters:    Size  Location     Type
  1084 ;;		None
  1085 ;; Auto vars:     Size  Location     Type
  1086 ;;		None
  1087 ;; Return value:  Size  Location     Type
  1088 ;;                  1    wreg      void 
  1089 ;; Registers used:
  1090 ;;		wreg
  1091 ;; Tracked objects:
  1092 ;;		On entry : 0/0
  1093 ;;		On exit  : 0/0
  1094 ;;		Unchanged: 0/0
  1095 ;; Data sizes:     COMMON   BANK0   BANK1   BANK3   BANK2
  1096 ;;      Params:         0       0       0       0       0
  1097 ;;      Locals:         0       0       0       0       0
  1098 ;;      Temps:          3       0       0       0       0
  1099 ;;      Totals:         3       0       0       0       0
  1100 ;;Total ram usage:        3 bytes
  1101 ;; Hardware stack levels used: 1
  1102 ;; This function calls:
  1103 ;;		Nothing
  1104 ;; This function is called by:
  1105 ;;		Interrupt level 1
  1106 ;; This function uses a non-reentrant model
  1107 ;;
  1108                           
  1109                           
  1110                           ;psect for function _isr
  1111  0019                     _isr:
  1112  0019                     i1l889:
  1113                           
  1114                           ;P1 Slave3 HC-SR04.c: 88:     if(PIR1bits.SSPIF == 1){
  1115  0019  1283               	bcf	3,5	;RP0=0, select bank0
  1116  001A  1303               	bcf	3,6	;RP1=0, select bank0
  1117  001B  1D8C               	btfss	12,3	;volatile
  1118  001C  281E               	goto	u17_21
  1119  001D  281F               	goto	u17_20
  1120  001E                     u17_21:
  1121  001E  2871               	goto	i1l146
  1122  001F                     u17_20:
  1123  001F                     i1l891:
  1124                           
  1125                           ;P1 Slave3 HC-SR04.c: 89:         SSPCONbits.CKP = 0;
  1126  001F  1214               	bcf	20,4	;volatile
  1127                           
  1128                           ;P1 Slave3 HC-SR04.c: 91:         if ((SSPCONbits.SSPOV) || (SSPCONbits.WCOL)){
  1129  0020  1B14               	btfsc	20,6	;volatile
  1130  0021  2823               	goto	u18_21
  1131  0022  2824               	goto	u18_20
  1132  0023                     u18_21:
  1133  0023  2828               	goto	i1l895
  1134  0024                     u18_20:
  1135  0024                     i1l893:
  1136  0024  1F94               	btfss	20,7	;volatile
  1137  0025  2827               	goto	u19_21
  1138  0026  2828               	goto	u19_20
  1139  0027                     u19_21:
  1140  0027  282F               	goto	i1l903
  1141  0028                     u19_20:
  1142  0028                     i1l895:
  1143                           
  1144                           ;P1 Slave3 HC-SR04.c: 92:             z = SSPBUF;
  1145  0028  0813               	movf	19,w	;volatile
  1146  0029  00F0               	movwf	??_isr
  1147  002A  0870               	movf	??_isr,w
  1148  002B  00F8               	movwf	_z
  1149  002C                     i1l897:
  1150                           
  1151                           ;P1 Slave3 HC-SR04.c: 93:             SSPCONbits.SSPOV = 0;
  1152  002C  1314               	bcf	20,6	;volatile
  1153  002D                     i1l899:
  1154                           
  1155                           ;P1 Slave3 HC-SR04.c: 94:             SSPCONbits.WCOL = 0;
  1156  002D  1394               	bcf	20,7	;volatile
  1157  002E                     i1l901:
  1158                           
  1159                           ;P1 Slave3 HC-SR04.c: 95:             SSPCONbits.CKP = 1;
  1160  002E  1614               	bsf	20,4	;volatile
  1161  002F                     i1l903:
  1162                           
  1163                           ;P1 Slave3 HC-SR04.c: 98:         if(!SSPSTATbits.D_nA && !SSPSTATbits.R_nW) {
  1164  002F  1683               	bsf	3,5	;RP0=1, select bank1
  1165  0030  1303               	bcf	3,6	;RP1=0, select bank1
  1166  0031  1A94               	btfsc	20,5	;volatile
  1167  0032  2834               	goto	u20_21
  1168  0033  2835               	goto	u20_20
  1169  0034                     u20_21:
  1170  0034  284D               	goto	i1l137
  1171  0035                     u20_20:
  1172  0035                     i1l905:
  1173  0035  1914               	btfsc	20,2	;volatile
  1174  0036  2838               	goto	u21_21
  1175  0037  2839               	goto	u21_20
  1176  0038                     u21_21:
  1177  0038  284D               	goto	i1l137
  1178  0039                     u21_20:
  1179  0039                     i1l907:
  1180                           
  1181                           ;P1 Slave3 HC-SR04.c: 99:             z = SSPBUF;
  1182  0039  1283               	bcf	3,5	;RP0=0, select bank0
  1183  003A  1303               	bcf	3,6	;RP1=0, select bank0
  1184  003B  0813               	movf	19,w	;volatile
  1185  003C  00F0               	movwf	??_isr
  1186  003D  0870               	movf	??_isr,w
  1187  003E  00F8               	movwf	_z
  1188  003F                     i1l909:
  1189                           
  1190                           ;P1 Slave3 HC-SR04.c: 100:             PIR1bits.SSPIF = 0;
  1191  003F  118C               	bcf	12,3	;volatile
  1192  0040                     i1l911:
  1193                           
  1194                           ;P1 Slave3 HC-SR04.c: 101:             SSPCONbits.CKP = 1;
  1195  0040  1614               	bsf	20,4	;volatile
  1196  0041                     i1l138:	
  1197                           ;P1 Slave3 HC-SR04.c: 102:             while(!SSPSTATbits.BF);
  1198                           
  1199  0041  1683               	bsf	3,5	;RP0=1, select bank1
  1200  0042  1303               	bcf	3,6	;RP1=0, select bank1
  1201  0043  1C14               	btfss	20,0	;volatile
  1202  0044  2846               	goto	u22_21
  1203  0045  2847               	goto	u22_20
  1204  0046                     u22_21:
  1205  0046  2841               	goto	i1l138
  1206  0047                     u22_20:
  1207  0047                     i1l913:
  1208                           
  1209                           ;P1 Slave3 HC-SR04.c: 103:             _delay((unsigned long)((250)*(8000000/4000000.0))
      +                          );
  1210  0047  30A6               	movlw	166
  1211  0048  00F0               	movwf	??_isr
  1212  0049                     u50_27:
  1213  0049  0BF0               	decfsz	??_isr,f
  1214  004A  2849               	goto	u50_27
  1215  004B  0000               	nop
  1216                           
  1217                           ;P1 Slave3 HC-SR04.c: 104:         }
  1218  004C  286E               	goto	i1l141
  1219  004D                     i1l137:	
  1220                           ;P1 Slave3 HC-SR04.c: 106:         else if(!SSPSTATbits.D_nA && SSPSTATbits.R_nW){
  1221                           
  1222  004D  1A94               	btfsc	20,5	;volatile
  1223  004E  2850               	goto	u23_21
  1224  004F  2851               	goto	u23_20
  1225  0050                     u23_21:
  1226  0050  286E               	goto	i1l141
  1227  0051                     u23_20:
  1228  0051                     i1l915:
  1229  0051  1D14               	btfss	20,2	;volatile
  1230  0052  2854               	goto	u24_21
  1231  0053  2855               	goto	u24_20
  1232  0054                     u24_21:
  1233  0054  286E               	goto	i1l141
  1234  0055                     u24_20:
  1235  0055                     i1l917:
  1236                           
  1237                           ;P1 Slave3 HC-SR04.c: 107:             z = SSPBUF;
  1238  0055  1283               	bcf	3,5	;RP0=0, select bank0
  1239  0056  1303               	bcf	3,6	;RP1=0, select bank0
  1240  0057  0813               	movf	19,w	;volatile
  1241  0058  00F0               	movwf	??_isr
  1242  0059  0870               	movf	??_isr,w
  1243  005A  00F8               	movwf	_z
  1244  005B                     i1l919:
  1245                           
  1246                           ;P1 Slave3 HC-SR04.c: 108:             BF = 0;
  1247  005B  1683               	bsf	3,5	;RP0=1, select bank1
  1248  005C  1303               	bcf	3,6	;RP1=0, select bank1
  1249  005D  1014               	bcf	20,0	;volatile
  1250                           
  1251                           ;P1 Slave3 HC-SR04.c: 109:             SSPBUF = distancia;
  1252  005E  0879               	movf	_distancia,w
  1253  005F  1283               	bcf	3,5	;RP0=0, select bank0
  1254  0060  1303               	bcf	3,6	;RP1=0, select bank0
  1255  0061  0093               	movwf	19	;volatile
  1256  0062                     i1l921:
  1257                           
  1258                           ;P1 Slave3 HC-SR04.c: 110:             SSPCONbits.CKP = 1;
  1259  0062  1614               	bsf	20,4	;volatile
  1260                           
  1261                           ;P1 Slave3 HC-SR04.c: 111:             _delay((unsigned long)((250)*(8000000/4000000.0))
      +                          );
  1262  0063  30A6               	movlw	166
  1263  0064  00F0               	movwf	??_isr
  1264  0065                     u51_27:
  1265  0065  0BF0               	decfsz	??_isr,f
  1266  0066  2865               	goto	u51_27
  1267  0067  0000               	nop
  1268  0068                     i1l143:	
  1269                           ;P1 Slave3 HC-SR04.c: 112:             while(SSPSTATbits.BF);
  1270                           
  1271  0068  1683               	bsf	3,5	;RP0=1, select bank1
  1272  0069  1303               	bcf	3,6	;RP1=0, select bank1
  1273  006A  1814               	btfsc	20,0	;volatile
  1274  006B  286D               	goto	u25_21
  1275  006C  286E               	goto	u25_20
  1276  006D                     u25_21:
  1277  006D  2868               	goto	i1l143
  1278  006E                     u25_20:
  1279  006E                     i1l141:
  1280                           
  1281                           ;P1 Slave3 HC-SR04.c: 114:         PIR1bits.SSPIF = 0;
  1282  006E  1283               	bcf	3,5	;RP0=0, select bank0
  1283  006F  1303               	bcf	3,6	;RP1=0, select bank0
  1284  0070  118C               	bcf	12,3	;volatile
  1285  0071                     i1l146:
  1286  0071  0872               	movf	??_isr+2,w
  1287  0072  008A               	movwf	10
  1288  0073  0E71               	swapf	??_isr+1,w
  1289  0074  0083               	movwf	3
  1290  0075  0EFE               	swapf	btemp,f
  1291  0076  0E7E               	swapf	btemp,w
  1292  0077  0009               	retfie
  1293  0078                     __end_of_isr:
  1294  007E                     btemp	set	126	;btemp
  1295  007E                     wtemp0	set	126
  1296                           
  1297                           	psect	intentry
  1298  0004                     __pintentry:	
  1299                           ;incstack = 0
  1300                           ; Regs used in _isr: [wreg]
  1301                           
  1302  0004                     interrupt_function:
  1303  007E                     saved_w	set	btemp
  1304  0004  00FE               	movwf	btemp
  1305  0005  0E03               	swapf	3,w
  1306  0006  00F1               	movwf	??_isr+1
  1307  0007  080A               	movf	10,w
  1308  0008  00F2               	movwf	??_isr+2
  1309  0009  120A  118A  2819   	ljmp	_isr
  1310                           
  1311                           	psect	config
  1312                           
  1313                           ;Config register CONFIG1 @ 0x2007
  1314                           ;	Oscillator Selection bits
  1315                           ;	FOSC = INTRC_NOCLKOUT, INTOSCIO oscillator: I/O function on RA6/OSC2/CLKOUT pin, I/O f
      +                          unction on RA7/OSC1/CLKIN
  1316                           ;	Watchdog Timer Enable bit
  1317                           ;	WDTE = OFF, WDT disabled and can be enabled by SWDTEN bit of the WDTCON register
  1318                           ;	Power-up Timer Enable bit
  1319                           ;	PWRTE = ON, PWRT enabled
  1320                           ;	RE3/MCLR pin function select bit
  1321                           ;	MCLRE = OFF, RE3/MCLR pin function is digital input, MCLR internally tied to VDD
  1322                           ;	Code Protection bit
  1323                           ;	CP = OFF, Program memory code protection is disabled
  1324                           ;	Data Code Protection bit
  1325                           ;	CPD = OFF, Data memory code protection is disabled
  1326                           ;	Brown Out Reset Selection bits
  1327                           ;	BOREN = OFF, BOR disabled
  1328                           ;	Internal External Switchover bit
  1329                           ;	IESO = OFF, Internal/External Switchover mode is disabled
  1330                           ;	Fail-Safe Clock Monitor Enabled bit
  1331                           ;	FCMEN = OFF, Fail-Safe Clock Monitor is disabled
  1332                           ;	Low Voltage Programming Enable bit
  1333                           ;	LVP = OFF, RB3 pin has digital I/O, HV on MCLR must be used for programming
  1334                           ;	In-Circuit Debugger Mode bit
  1335                           ;	DEBUG = 0x1, unprogrammed default
  1336  2007                     	org	8199
  1337  2007  20C4               	dw	8388
  1338                           
  1339                           ;Config register CONFIG2 @ 0x2008
  1340                           ;	Brown-out Reset Selection bit
  1341                           ;	BOR4V = BOR40V, Brown-out Reset set to 4.0V
  1342                           ;	Flash Program Memory Self Write Enable bits
  1343                           ;	WRT = OFF, Write protection off
  1344  2008                     	org	8200
  1345  2008  3FFF               	dw	16383

Data Sizes:
    Strings     0
    Constant    0
    Data        0
    BSS         4
    Persistent  0
    Stack       0

Auto Spaces:
    Space          Size  Autos    Used
    COMMON           14      8      10
    BANK0            80      6       8
    BANK1            80      0       0
    BANK3            96      0       0
    BANK2            96      0       0

Pointer List with Targets:

    None.

Critical Paths under _main in COMMON

    _main->___lwdiv
    _setup->_I2C_Slave_Init

Critical Paths under _isr in COMMON

    None.

Critical Paths under _main in BANK0

    _main->___lwdiv

Critical Paths under _isr in BANK0

    None.

Critical Paths under _main in BANK1

    None.

Critical Paths under _isr in BANK1

    None.

Critical Paths under _main in BANK3

    None.

Critical Paths under _isr in BANK3

    None.

Critical Paths under _main in BANK2

    None.

Critical Paths under _isr in BANK2

    None.

Call Graph Tables:

 ---------------------------------------------------------------------------------
 (Depth) Function   	        Calls       Base Space   Used Autos Params    Refs
 ---------------------------------------------------------------------------------
 (0) _main                                                 3     3      0     443
                                              3 BANK0      3     3      0
                            ___lwdiv
                            _pulseIn
                           _pulseOut
                              _setup
 ---------------------------------------------------------------------------------
 (1) _setup                                                0     0      0      22
                     _I2C_Slave_Init
 ---------------------------------------------------------------------------------
 (2) _I2C_Slave_Init                                       1     1      0      22
                                              3 COMMON     1     1      0
 ---------------------------------------------------------------------------------
 (1) _pulseOut                                             1     1      0       0
                                              3 COMMON     1     1      0
 ---------------------------------------------------------------------------------
 (1) _pulseIn                                              0     0      0       0
 ---------------------------------------------------------------------------------
 (1) ___lwdiv                                              8     4      4     421
                                              3 COMMON     5     1      4
                                              0 BANK0      3     3      0
 ---------------------------------------------------------------------------------
 Estimated maximum stack depth 2
 ---------------------------------------------------------------------------------
 (Depth) Function   	        Calls       Base Space   Used Autos Params    Refs
 ---------------------------------------------------------------------------------
 (3) _isr                                                  3     3      0       0
                                              0 COMMON     3     3      0
 ---------------------------------------------------------------------------------
 Estimated maximum stack depth 3
 ---------------------------------------------------------------------------------

 Call Graph Graphs:

 _main (ROOT)
   ___lwdiv
   _pulseIn
   _pulseOut
   _setup
     _I2C_Slave_Init

 _isr (ROOT)

 Address spaces:
Name               Size   Autos  Total    Cost      Usage
BITCOMMON            E      0       0       0        0.0%
EEDATA             100      0       0       0        0.0%
NULL                 0      0       0       0        0.0%
CODE                 0      0       0       0        0.0%
COMMON               E      8       A       1       71.4%
BITSFR0              0      0       0       1        0.0%
SFR0                 0      0       0       1        0.0%
BITSFR1              0      0       0       2        0.0%
SFR1                 0      0       0       2        0.0%
STACK                0      0       0       2        0.0%
ABS                  0      0      12       3        0.0%
BITBANK0            50      0       0       4        0.0%
BITSFR3              0      0       0       4        0.0%
SFR3                 0      0       0       4        0.0%
BANK0               50      6       8       5       10.0%
BITSFR2              0      0       0       5        0.0%
SFR2                 0      0       0       5        0.0%
BITBANK1            50      0       0       6        0.0%
BANK1               50      0       0       7        0.0%
BITBANK3            60      0       0       8        0.0%
BANK3               60      0       0       9        0.0%
BITBANK2            60      0       0      10        0.0%
BANK2               60      0       0      11        0.0%
DATA                 0      0      12      12        0.0%


Microchip Technology PIC Macro Assembler V2.32 build 20210201212658 
Symbol Table                                                                                   Mon Aug 23 11:19:44 2021

                      _z 0078              _SSPSTATbits 0094                       _BF 04A0  
                     l55 0155                      l160 016F                      l152 0163  
                    l161 0170                      l155 0164                      l157 016A  
                    l149 013B                      l158 016B                      l519 0111  
                    l931 014E                      l923 013D                      l933 014F  
                    l925 014B                      l941 011B                      l935 0152  
                    l927 014C                      l951 012F                      l943 0126  
                    l961 0159                      l929 014D                      l953 0133  
                    l945 012A                      l937 0112                      l963 015E  
                    l955 0134                      l947 012B                      l939 0119  
                    l965 0161                      l957 0135                      l949 012E  
                    l967 0164                      l959 0156                      _GIE 005F  
                    _RB0 0030                      _RB1 0031                      u400 00E8  
                    u401 00E7                      u420 00F9                      u260 016A  
                    u421 00F8                      u261 0169                      u270 016F  
                    u415 00E9                      u271 016E                      u440 010D  
                    u441 010C                      u425 00F5                      u450 00AD  
                    u435 0101                      u451 00AC                      u380 00D6  
                    u460 00B7                      u381 00D5                      u461 00B3  
                    u474 00BA                      u395 00DA                      u487 00C2  
                    u497 015B                      _isr 0019                     l1021 00D9  
                   l1031 00FF                     l1023 00E0                     l1015 00CC  
                   l1033 0100                     l1025 00E4                     l1017 00D0  
                   l1041 0078                     l1035 0107                     l1027 00E8  
                   l1019 00D6                     l1051 008E                     l1043 007D  
                   l1029 00F9                     l1037 010D                     l1053 0094  
                   l1045 0081                     l1055 00A7                     l1047 0084  
                   l1057 00AD                     l1049 0089                     l1059 00BA  
                   ?_isr 0070                     _PEIE 005E                     _TMR1 000E  
                   _main 0078                     btemp 007E                     start 000C  
                  ??_isr 0070                    ?_main 0070                    _ANSEL 0188  
        __end_of___lwdiv 0112                    i1l141 006E                    i1l143 0068  
                  i1l137 004D                    i1l138 0041                    i1l146 0071  
                  i1l901 002E                    i1l911 0040                    i1l903 002F  
                  i1l921 0062                    i1l913 0047                    i1l905 0035  
                  i1l915 0051                    i1l907 0039                    i1l917 0055  
                  i1l909 003F                    i1l919 005B                    i1l891 001F  
                  i1l893 0024                    i1l895 0028                    i1l897 002C  
                  i1l889 0019                    i1l899 002D                    u20_20 0035  
                  u20_21 0034                    u21_20 0039                    u21_21 0038  
                  u22_20 0047                    u22_21 0046                    u23_20 0051  
                  u23_21 0050                    u24_20 0055                    u24_21 0054  
                  u25_20 006E                    u17_20 001F                    u25_21 006D  
                  u17_21 001E                    u18_20 0024                    u18_21 0023  
                  u50_27 0049                    u19_20 0028                    u19_21 0027  
                  _PORTA 0005                    _PORTB 0006                    _PORTC 0007  
                  _PORTD 0008                    _PORTE 0009                    u51_27 0065  
                  _TRISA 0085                    _TRISB 0086                    _TRISC 0087  
                  _TRISD 0088                    _SSPIE 0463                    _TRISE 0089  
                  _SSPIF 0063                    _setup 0112                    pclath 000A  
        __end_of_pulseIn 0171                    status 0003                    wtemp0 007E  
        __initialization 000F             __end_of_main 00CC                   ??_main 0023  
                 ?_setup 0070                   _ANSELH 0189                   _SSPADD 0093  
                 _TRISC3 043B                   _TRISC4 043C                   _SSPCON 0014  
                 _SSPBUF 0013                ??___lwdiv 0077                   saved_w 007E  
       __end_of_pulseOut 0164                ??_pulseIn 0073  __end_of__initialization 0015  
         __pcstackCOMMON 0070  __size_of_I2C_Slave_Init 001A            __end_of_setup 013C  
                ??_setup 0074    I2C_Slave_Init@address 0073               __pbssBANK0 0026  
             __pmaintext 0078               __pintentry 0004                  _SSPCON2 0091  
                _SSPSTAT 0094                ?_pulseOut 0070                  ___lwdiv 00CC  
                __ptext1 0112                  __ptext2 013C                  __ptext3 0156  
                __ptext4 0164                  __ptext5 00CC                  __ptext6 0019  
              _T1CONbits 0010             __size_of_isr 005F                  _pulseIn 0164  
   end_of_initialization 0015           _I2C_Slave_Init 013C               ??_pulseOut 0073  
              _PORTBbits 0006                _TRISCbits 0087   __end_of_I2C_Slave_Init 0156  
    start_initialization 000F              __end_of_isr 0078          ?_I2C_Slave_Init 0070  
            __pbssCOMMON 0078                ___latbits 0002            __pcstackBANK0 0020  
       ___lwdiv@dividend 0075                 ?___lwdiv 0073        __size_of_pulseOut 000E  
              _distancia 0079                 ?_pulseIn 0070         ___lwdiv@quotient 0021  
         __size_of_setup 002A        interrupt_function 0004                 _PIR1bits 000C  
       __size_of___lwdiv 0046          ___lwdiv@divisor 0073          ___lwdiv@counter 0020  
       __size_of_pulseIn 000D         ??_I2C_Slave_Init 0073                 _duracion 0026  
          __size_of_main 0054                 _pulseOut 0156               _INTCONbits 000B  
               intlevel1 0000               _OSCCONbits 008F              _SSPCON2bits 0091  
             _SSPCONbits 0014  
