

Microchip MPLAB XC8 Assembler V2.32 build 20210201212658 
                                                                                               Mon Aug 02 15:51:14 2021

Microchip MPLAB XC8 C Compiler v2.32 (Free license) build 20210201212658 Og1 
     1                           	processor	16F887
     2                           	pagewidth 120
     3                           	opt	flic
     4                           	psect	cinit,global,class=CODE,merge=1,delta=2
     5                           	psect	bssCOMMON,global,class=COMMON,space=1,delta=1,noexec
     6                           	psect	cstackCOMMON,global,class=COMMON,space=1,delta=1,noexec
     7                           	psect	cstackBANK0,global,class=BANK0,space=1,delta=1,noexec
     8                           	psect	maintext,global,class=CODE,split=1,delta=2
     9                           	psect	text1,local,class=CODE,merge=1,delta=2
    10                           	psect	text2,local,class=CODE,merge=1,delta=2
    11                           	psect	text3,local,class=CODE,merge=1,delta=2
    12                           	psect	text4,local,class=CODE,merge=1,delta=2
    13                           	psect	intentry,global,class=CODE,delta=2
    14                           	psect	text5,local,class=CODE,merge=1,delta=2
    15                           	psect	text6,local,class=CODE,merge=1,delta=2
    16                           	psect	config,global,abs,ovrld,class=CONFIG,space=4,delta=2,noexec
    17                           	dabs	1,0x7E,2
    18  0000                     
    19                           ; Version 2.20
    20                           ; Generated 12/02/2020 GMT
    21                           ; 
    22                           ; Copyright © 2020, Microchip Technology Inc. and its subsidiaries ("Microchip")
    23                           ; All rights reserved.
    24                           ; 
    25                           ; This software is developed by Microchip Technology Inc. and its subsidiaries ("Microch
      +                          ip").
    26                           ; 
    27                           ; Redistribution and use in source and binary forms, with or without modification, are
    28                           ; permitted provided that the following conditions are met:
    29                           ; 
    30                           ;     1. Redistributions of source code must retain the above copyright notice, this lis
      +                          t of
    31                           ;        conditions and the following disclaimer.
    32                           ; 
    33                           ;     2. Redistributions in binary form must reproduce the above copyright notice, this 
      +                          list
    34                           ;        of conditions and the following disclaimer in the documentation and/or other
    35                           ;        materials provided with the distribution.
    36                           ; 
    37                           ;     3. Microchip's name may not be used to endorse or promote products derived from th
      +                          is
    38                           ;        software without specific prior written permission.
    39                           ; 
    40                           ; THIS SOFTWARE IS PROVIDED BY MICROCHIP "AS IS" AND ANY EXPRESS OR IMPLIED WARRANTIES,
    41                           ; INCLUDING, BUT NOT LIMITED TO, THE IMPLIED WARRANTIES OF MERCHANTABILITY AND FITNESS F
      +                          OR
    42                           ; PURPOSE ARE DISCLAIMED.  IN NO EVENT SHALL MICROCHIP BE LIABLE FOR ANY DIRECT, INDIREC
      +                          T,
    43                           ; INCIDENTAL, SPECIAL, EXEMPLARY, OR CONSEQUENTIAL DAMAGES (INCLUDING BUT NOT LIMITED TO
    44                           ; PROCUREMENT OF SUBSTITUTE GOODS OR SERVICES; LOSS OF USE, DATA OR PROFITS; OR BUSINESS
    45                           ; INTERRUPTION) HOWSOEVER CAUSED AND ON ANY THEORY OF LIABILITY, WHETHER IN CONTRACT, ST
      +                          RICT
    46                           ; LIABILITY, OR TORT (INCLUDING NEGLIGENCE OR OTHERWISE) ARISING IN ANY WAY OUT OF THE U
      +                          SE OF
    47                           ; THIS SOFTWARE, EVEN IF ADVISED OF THE POSSIBILITY OF SUCH DAMAGE.
    48                           ; 
    49                           ; 
    50                           ; Code-generator required, PIC16F887 Definitions
    51                           ; 
    52                           ; SFR Addresses
    53  0000                     	;# 
    54  0001                     	;# 
    55  0002                     	;# 
    56  0003                     	;# 
    57  0004                     	;# 
    58  0005                     	;# 
    59  0006                     	;# 
    60  0007                     	;# 
    61  0008                     	;# 
    62  0009                     	;# 
    63  000A                     	;# 
    64  000B                     	;# 
    65  000C                     	;# 
    66  000D                     	;# 
    67  000E                     	;# 
    68  000E                     	;# 
    69  000F                     	;# 
    70  0010                     	;# 
    71  0011                     	;# 
    72  0012                     	;# 
    73  0013                     	;# 
    74  0014                     	;# 
    75  0015                     	;# 
    76  0015                     	;# 
    77  0016                     	;# 
    78  0017                     	;# 
    79  0018                     	;# 
    80  0019                     	;# 
    81  001A                     	;# 
    82  001B                     	;# 
    83  001B                     	;# 
    84  001C                     	;# 
    85  001D                     	;# 
    86  001E                     	;# 
    87  001F                     	;# 
    88  0081                     	;# 
    89  0085                     	;# 
    90  0086                     	;# 
    91  0087                     	;# 
    92  0088                     	;# 
    93  0089                     	;# 
    94  008C                     	;# 
    95  008D                     	;# 
    96  008E                     	;# 
    97  008F                     	;# 
    98  0090                     	;# 
    99  0091                     	;# 
   100  0092                     	;# 
   101  0093                     	;# 
   102  0093                     	;# 
   103  0093                     	;# 
   104  0094                     	;# 
   105  0095                     	;# 
   106  0096                     	;# 
   107  0097                     	;# 
   108  0098                     	;# 
   109  0099                     	;# 
   110  009A                     	;# 
   111  009B                     	;# 
   112  009C                     	;# 
   113  009D                     	;# 
   114  009E                     	;# 
   115  009F                     	;# 
   116  0105                     	;# 
   117  0107                     	;# 
   118  0108                     	;# 
   119  0109                     	;# 
   120  010C                     	;# 
   121  010C                     	;# 
   122  010D                     	;# 
   123  010E                     	;# 
   124  010F                     	;# 
   125  0185                     	;# 
   126  0187                     	;# 
   127  0188                     	;# 
   128  0189                     	;# 
   129  018C                     	;# 
   130  018D                     	;# 
   131  0000                     	;# 
   132  0001                     	;# 
   133  0002                     	;# 
   134  0003                     	;# 
   135  0004                     	;# 
   136  0005                     	;# 
   137  0006                     	;# 
   138  0007                     	;# 
   139  0008                     	;# 
   140  0009                     	;# 
   141  000A                     	;# 
   142  000B                     	;# 
   143  000C                     	;# 
   144  000D                     	;# 
   145  000E                     	;# 
   146  000E                     	;# 
   147  000F                     	;# 
   148  0010                     	;# 
   149  0011                     	;# 
   150  0012                     	;# 
   151  0013                     	;# 
   152  0014                     	;# 
   153  0015                     	;# 
   154  0015                     	;# 
   155  0016                     	;# 
   156  0017                     	;# 
   157  0018                     	;# 
   158  0019                     	;# 
   159  001A                     	;# 
   160  001B                     	;# 
   161  001B                     	;# 
   162  001C                     	;# 
   163  001D                     	;# 
   164  001E                     	;# 
   165  001F                     	;# 
   166  0081                     	;# 
   167  0085                     	;# 
   168  0086                     	;# 
   169  0087                     	;# 
   170  0088                     	;# 
   171  0089                     	;# 
   172  008C                     	;# 
   173  008D                     	;# 
   174  008E                     	;# 
   175  008F                     	;# 
   176  0090                     	;# 
   177  0091                     	;# 
   178  0092                     	;# 
   179  0093                     	;# 
   180  0093                     	;# 
   181  0093                     	;# 
   182  0094                     	;# 
   183  0095                     	;# 
   184  0096                     	;# 
   185  0097                     	;# 
   186  0098                     	;# 
   187  0099                     	;# 
   188  009A                     	;# 
   189  009B                     	;# 
   190  009C                     	;# 
   191  009D                     	;# 
   192  009E                     	;# 
   193  009F                     	;# 
   194  0105                     	;# 
   195  0107                     	;# 
   196  0108                     	;# 
   197  0109                     	;# 
   198  010C                     	;# 
   199  010C                     	;# 
   200  010D                     	;# 
   201  010E                     	;# 
   202  010F                     	;# 
   203  0185                     	;# 
   204  0187                     	;# 
   205  0188                     	;# 
   206  0189                     	;# 
   207  018C                     	;# 
   208  018D                     	;# 
   209  0000                     	;# 
   210  0001                     	;# 
   211  0002                     	;# 
   212  0003                     	;# 
   213  0004                     	;# 
   214  0005                     	;# 
   215  0006                     	;# 
   216  0007                     	;# 
   217  0008                     	;# 
   218  0009                     	;# 
   219  000A                     	;# 
   220  000B                     	;# 
   221  000C                     	;# 
   222  000D                     	;# 
   223  000E                     	;# 
   224  000E                     	;# 
   225  000F                     	;# 
   226  0010                     	;# 
   227  0011                     	;# 
   228  0012                     	;# 
   229  0013                     	;# 
   230  0014                     	;# 
   231  0015                     	;# 
   232  0015                     	;# 
   233  0016                     	;# 
   234  0017                     	;# 
   235  0018                     	;# 
   236  0019                     	;# 
   237  001A                     	;# 
   238  001B                     	;# 
   239  001B                     	;# 
   240  001C                     	;# 
   241  001D                     	;# 
   242  001E                     	;# 
   243  001F                     	;# 
   244  0081                     	;# 
   245  0085                     	;# 
   246  0086                     	;# 
   247  0087                     	;# 
   248  0088                     	;# 
   249  0089                     	;# 
   250  008C                     	;# 
   251  008D                     	;# 
   252  008E                     	;# 
   253  008F                     	;# 
   254  0090                     	;# 
   255  0091                     	;# 
   256  0092                     	;# 
   257  0093                     	;# 
   258  0093                     	;# 
   259  0093                     	;# 
   260  0094                     	;# 
   261  0095                     	;# 
   262  0096                     	;# 
   263  0097                     	;# 
   264  0098                     	;# 
   265  0099                     	;# 
   266  009A                     	;# 
   267  009B                     	;# 
   268  009C                     	;# 
   269  009D                     	;# 
   270  009E                     	;# 
   271  009F                     	;# 
   272  0105                     	;# 
   273  0107                     	;# 
   274  0108                     	;# 
   275  0109                     	;# 
   276  010C                     	;# 
   277  010C                     	;# 
   278  010D                     	;# 
   279  010E                     	;# 
   280  010F                     	;# 
   281  0185                     	;# 
   282  0187                     	;# 
   283  0188                     	;# 
   284  0189                     	;# 
   285  018C                     	;# 
   286  018D                     	;# 
   287  0000                     	;# 
   288  0001                     	;# 
   289  0002                     	;# 
   290  0003                     	;# 
   291  0004                     	;# 
   292  0005                     	;# 
   293  0006                     	;# 
   294  0007                     	;# 
   295  0008                     	;# 
   296  0009                     	;# 
   297  000A                     	;# 
   298  000B                     	;# 
   299  000C                     	;# 
   300  000D                     	;# 
   301  000E                     	;# 
   302  000E                     	;# 
   303  000F                     	;# 
   304  0010                     	;# 
   305  0011                     	;# 
   306  0012                     	;# 
   307  0013                     	;# 
   308  0014                     	;# 
   309  0015                     	;# 
   310  0015                     	;# 
   311  0016                     	;# 
   312  0017                     	;# 
   313  0018                     	;# 
   314  0019                     	;# 
   315  001A                     	;# 
   316  001B                     	;# 
   317  001B                     	;# 
   318  001C                     	;# 
   319  001D                     	;# 
   320  001E                     	;# 
   321  001F                     	;# 
   322  0081                     	;# 
   323  0085                     	;# 
   324  0086                     	;# 
   325  0087                     	;# 
   326  0088                     	;# 
   327  0089                     	;# 
   328  008C                     	;# 
   329  008D                     	;# 
   330  008E                     	;# 
   331  008F                     	;# 
   332  0090                     	;# 
   333  0091                     	;# 
   334  0092                     	;# 
   335  0093                     	;# 
   336  0093                     	;# 
   337  0093                     	;# 
   338  0094                     	;# 
   339  0095                     	;# 
   340  0096                     	;# 
   341  0097                     	;# 
   342  0098                     	;# 
   343  0099                     	;# 
   344  009A                     	;# 
   345  009B                     	;# 
   346  009C                     	;# 
   347  009D                     	;# 
   348  009E                     	;# 
   349  009F                     	;# 
   350  0105                     	;# 
   351  0107                     	;# 
   352  0108                     	;# 
   353  0109                     	;# 
   354  010C                     	;# 
   355  010C                     	;# 
   356  010D                     	;# 
   357  010E                     	;# 
   358  010F                     	;# 
   359  0185                     	;# 
   360  0187                     	;# 
   361  0188                     	;# 
   362  0189                     	;# 
   363  018C                     	;# 
   364  018D                     	;# 
   365  0013                     _SSPBUF	set	19
   366  0014                     _SSPCON	set	20
   367  0009                     _PORTE	set	9
   368  0007                     _PORTC	set	7
   369  0005                     _PORTA	set	5
   370  000B                     _INTCONbits	set	11
   371  001E                     _ADRESH	set	30
   372  001F                     _ADCON0bits	set	31
   373  000C                     _PIR1bits	set	12
   374  0008                     _PORTD	set	8
   375  0006                     _PORTB	set	6
   376  0094                     _SSPSTATbits	set	148
   377  0094                     _SSPSTAT	set	148
   378  009F                     _ADCON1bits	set	159
   379  008C                     _PIE1bits	set	140
   380  0081                     _OPTION_REGbits	set	129
   381  008F                     _OSCCONbits	set	143
   382  0089                     _TRISE	set	137
   383  0088                     _TRISD	set	136
   384  0086                     _TRISB	set	134
   385  0085                     _TRISAbits	set	133
   386  043B                     _TRISC3	set	1083
   387  043D                     _TRISC5	set	1085
   388  0189                     _ANSELH	set	393
   389  0188                     _ANSEL	set	392
   390                           
   391                           	psect	cinit
   392  000F                     start_initialization:	
   393                           ; #config settings
   394                           
   395  000F                     __initialization:
   396                           
   397                           ; Clear objects allocated to COMMON
   398  000F  01F7               	clrf	__pbssCOMMON& (0+127)
   399  0010  01F8               	clrf	(__pbssCOMMON+1)& (0+127)
   400  0011  01F9               	clrf	(__pbssCOMMON+2)& (0+127)
   401  0012                     end_of_initialization:	
   402                           ;End of C runtime variable initialization code
   403                           
   404  0012                     __end_of__initialization:
   405  0012  0183               	clrf	3
   406  0013  120A  118A  2908   	ljmp	_main	;jump to C main() function
   407                           
   408                           	psect	bssCOMMON
   409  0077                     __pbssCOMMON:
   410  0077                     _dato:
   411  0077                     	ds	1
   412  0078                     _pot2:
   413  0078                     	ds	1
   414  0079                     _pot1:
   415  0079                     	ds	1
   416                           
   417                           	psect	cstackCOMMON
   418  0070                     __pcstackCOMMON:
   419  0070                     ?_config:
   420  0070                     ?_readSPI:	
   421                           ; 1 bytes @ 0x0
   422                           
   423  0070                     ??_readSPI:	
   424                           ; 1 bytes @ 0x0
   425                           
   426  0070                     ?_sendSPI:	
   427                           ; 1 bytes @ 0x0
   428                           
   429  0070                     ??_sendSPI:	
   430                           ; 1 bytes @ 0x0
   431                           
   432  0070                     ?_main:	
   433                           ; 1 bytes @ 0x0
   434                           
   435  0070                     ?_interrupcion:	
   436                           ; 1 bytes @ 0x0
   437                           
   438  0070                     sendSPI@valor:	
   439                           ; 1 bytes @ 0x0
   440                           
   441                           
   442                           ; 1 bytes @ 0x0
   443  0070                     	ds	1
   444  0071                     ??_interrupcion:
   445                           
   446                           ; 1 bytes @ 0x1
   447  0071                     	ds	3
   448  0074                     ?_spiInit:
   449  0074                     ?_ADCconfig:	
   450                           ; 1 bytes @ 0x4
   451                           
   452  0074                     ADCconfig@just:	
   453                           ; 1 bytes @ 0x4
   454                           
   455  0074                     spiInit@sDataSample:	
   456                           ; 1 bytes @ 0x4
   457                           
   458                           
   459                           ; 1 bytes @ 0x4
   460  0074                     	ds	1
   461  0075                     ??_ADCconfig:
   462  0075                     spiInit@sClockIdle:	
   463                           ; 1 bytes @ 0x5
   464                           
   465                           
   466                           ; 1 bytes @ 0x5
   467  0075                     	ds	1
   468  0076                     spiInit@sTransmitEdge:
   469                           
   470                           ; 1 bytes @ 0x6
   471  0076                     	ds	1
   472  0077                     ??_config:
   473  0077                     ??_spiInit:	
   474                           ; 1 bytes @ 0x7
   475                           
   476  0077                     ??_main:	
   477                           ; 1 bytes @ 0x7
   478                           
   479                           
   480                           	psect	cstackBANK0
   481  0020                     __pcstackBANK0:	
   482                           ; 1 bytes @ 0x7
   483                           
   484  0020                     ADCconfig@canal:
   485  0020                     spiInit@sType:	
   486                           ; 1 bytes @ 0x0
   487                           
   488                           
   489                           ; 1 bytes @ 0x0
   490  0020                     	ds	1
   491                           
   492                           	psect	maintext
   493  0108                     __pmaintext:	
   494 ;;
   495 ;;Main: autosize = 0, tempsize = 0, incstack = 0, save=0
   496 ;;
   497 ;; *************** function _main *****************
   498 ;; Defined at:
   499 ;;		line 63 in file "Lab3 Slave.c"
   500 ;; Parameters:    Size  Location     Type
   501 ;;		None
   502 ;; Auto vars:     Size  Location     Type
   503 ;;		None
   504 ;; Return value:  Size  Location     Type
   505 ;;                  1    wreg      void 
   506 ;; Registers used:
   507 ;;		wreg, fsr0l, fsr0h, status,2, status,0, pclath, cstack
   508 ;; Tracked objects:
   509 ;;		On entry : B00/0
   510 ;;		On exit  : 0/0
   511 ;;		Unchanged: 0/0
   512 ;; Data sizes:     COMMON   BANK0   BANK1   BANK3   BANK2
   513 ;;      Params:         0       0       0       0       0
   514 ;;      Locals:         0       0       0       0       0
   515 ;;      Temps:          0       0       0       0       0
   516 ;;      Totals:         0       0       0       0       0
   517 ;;Total ram usage:        0 bytes
   518 ;; Hardware stack levels required when called: 4
   519 ;; This function calls:
   520 ;;		_config
   521 ;;		_spiInit
   522 ;; This function is called by:
   523 ;;		Startup code after reset
   524 ;; This function uses a non-reentrant model
   525 ;;
   526                           
   527                           
   528                           ;psect for function _main
   529  0108                     _main:
   530  0108                     l1093:	
   531                           ;incstack = 0
   532                           ; Regs used in _main: [wreg-fsr0h+status,2+status,0+pclath+cstack]
   533                           
   534                           
   535                           ;Lab3 Slave.c: 64:     config();
   536  0108  120A  118A  20B5  120A  118A  	fcall	_config
   537  010D                     l1095:
   538                           
   539                           ;Lab3 Slave.c: 65:     spiInit(SPI_SLAVE_SS_EN, SPI_DATA_SAMPLE_MIDDLE, SPI_CLOCK_IDLE_L
      +                          OW, SPI_IDLE_2_ACTIVE);
   540  010D  01F4               	clrf	spiInit@sDataSample
   541  010E  01F5               	clrf	spiInit@sClockIdle
   542  010F  01F6               	clrf	spiInit@sTransmitEdge
   543  0110  3024               	movlw	36
   544  0111  120A  118A  20EA  120A  118A  	fcall	_spiInit
   545  0116                     l1097:
   546                           
   547                           ;Lab3 Slave.c: 71:       PORTB = pot1;
   548  0116  0879               	movf	_pot1,w
   549  0117  1283               	bcf	3,5	;RP0=0, select bank0
   550  0118  1303               	bcf	3,6	;RP1=0, select bank0
   551  0119  0086               	movwf	6	;volatile
   552  011A                     l1099:
   553                           
   554                           ;Lab3 Slave.c: 72:       PORTD = pot2;
   555  011A  0878               	movf	_pot2,w
   556  011B  0088               	movwf	8	;volatile
   557  011C  2916               	goto	l1097
   558  011D  120A  118A  280C   	ljmp	start
   559  0120                     __end_of_main:
   560                           
   561                           	psect	text1
   562  00EA                     __ptext1:	
   563 ;; *************** function _spiInit *****************
   564 ;; Defined at:
   565 ;;		line 26 in file "SPI.c"
   566 ;; Parameters:    Size  Location     Type
   567 ;;  sType           1    wreg     enum E1473
   568 ;;  sDataSample     1    4[COMMON] enum E1481
   569 ;;  sClockIdle      1    5[COMMON] enum E1485
   570 ;;  sTransmitEdg    1    6[COMMON] enum E1489
   571 ;; Auto vars:     Size  Location     Type
   572 ;;  sType           1    0[BANK0 ] enum E1473
   573 ;; Return value:  Size  Location     Type
   574 ;;                  1    wreg      void 
   575 ;; Registers used:
   576 ;;		wreg, status,2, status,0
   577 ;; Tracked objects:
   578 ;;		On entry : 0/0
   579 ;;		On exit  : 0/0
   580 ;;		Unchanged: 0/0
   581 ;; Data sizes:     COMMON   BANK0   BANK1   BANK3   BANK2
   582 ;;      Params:         3       0       0       0       0
   583 ;;      Locals:         0       1       0       0       0
   584 ;;      Temps:          0       0       0       0       0
   585 ;;      Totals:         3       1       0       0       0
   586 ;;Total ram usage:        4 bytes
   587 ;; Hardware stack levels used: 1
   588 ;; Hardware stack levels required when called: 2
   589 ;; This function calls:
   590 ;;		Nothing
   591 ;; This function is called by:
   592 ;;		_main
   593 ;; This function uses a non-reentrant model
   594 ;;
   595                           
   596                           
   597                           ;psect for function _spiInit
   598  00EA                     _spiInit:
   599                           
   600                           ;incstack = 0
   601                           ; Regs used in _spiInit: [wreg+status,2+status,0]
   602                           ;spiInit@sType stored from wreg
   603  00EA  1283               	bcf	3,5	;RP0=0, select bank0
   604  00EB  1303               	bcf	3,6	;RP1=0, select bank0
   605  00EC  00A0               	movwf	spiInit@sType
   606  00ED                     l1083:
   607                           
   608                           ;SPI.c: 26: void spiInit(Spi_Type sType, Spi_Data_Sample sDataSample, Spi_Clock_Idle sCl
      +                          ockIdle, Spi_Transmit_Edge sTransmitEdge);SPI.c: 27: {;SPI.c: 28:     TRISC5 = 0;
   609  00ED  1683               	bsf	3,5	;RP0=1, select bank1
   610  00EE  1303               	bcf	3,6	;RP1=0, select bank1
   611  00EF  1287               	bcf	7,5	;volatile
   612                           
   613                           ;SPI.c: 29:     if(sType & 0b00000100) {
   614  00F0  1283               	bcf	3,5	;RP0=0, select bank0
   615  00F1  1303               	bcf	3,6	;RP1=0, select bank0
   616  00F2  1D20               	btfss	spiInit@sType,2
   617  00F3  28F5               	goto	u141
   618  00F4  28F6               	goto	u140
   619  00F5                     u141:
   620  00F5  28FC               	goto	l1089
   621  00F6                     u140:
   622  00F6                     l1085:
   623                           
   624                           ;SPI.c: 30:         SSPSTAT = sTransmitEdge;
   625  00F6  0876               	movf	spiInit@sTransmitEdge,w
   626  00F7  1683               	bsf	3,5	;RP0=1, select bank1
   627  00F8  1303               	bcf	3,6	;RP1=0, select bank1
   628  00F9  0094               	movwf	20	;volatile
   629  00FA                     l1087:
   630                           
   631                           ;SPI.c: 31:         TRISC3 = 1;
   632  00FA  1587               	bsf	7,3	;volatile
   633                           
   634                           ;SPI.c: 32:     }
   635  00FB  2902               	goto	l111
   636  00FC                     l1089:
   637                           
   638                           ;SPI.c: 34:     {;SPI.c: 35:         SSPSTAT = sDataSample | sTransmitEdge;
   639  00FC  0874               	movf	spiInit@sDataSample,w
   640  00FD  0476               	iorwf	spiInit@sTransmitEdge,w
   641  00FE  1683               	bsf	3,5	;RP0=1, select bank1
   642  00FF  1303               	bcf	3,6	;RP1=0, select bank1
   643  0100  0094               	movwf	20	;volatile
   644  0101                     l1091:
   645                           
   646                           ;SPI.c: 37:         TRISC3 = 0;
   647  0101  1187               	bcf	7,3	;volatile
   648  0102                     l111:	
   649                           ;SPI.c: 38:     }
   650                           
   651                           
   652                           ;SPI.c: 39:     SSPCON = sType | sClockIdle;
   653  0102  1283               	bcf	3,5	;RP0=0, select bank0
   654  0103  1303               	bcf	3,6	;RP1=0, select bank0
   655  0104  0820               	movf	spiInit@sType,w
   656  0105  0475               	iorwf	spiInit@sClockIdle,w
   657  0106  0094               	movwf	20	;volatile
   658  0107                     l112:
   659  0107  0008               	return
   660  0108                     __end_of_spiInit:
   661                           
   662                           	psect	text2
   663  00B5                     __ptext2:	
   664 ;; *************** function _config *****************
   665 ;; Defined at:
   666 ;;		line 104 in file "Lab3 Slave.c"
   667 ;; Parameters:    Size  Location     Type
   668 ;;		None
   669 ;; Auto vars:     Size  Location     Type
   670 ;;		None
   671 ;; Return value:  Size  Location     Type
   672 ;;                  1    wreg      void 
   673 ;; Registers used:
   674 ;;		wreg, fsr0l, fsr0h, status,2, status,0, pclath, cstack
   675 ;; Tracked objects:
   676 ;;		On entry : 0/0
   677 ;;		On exit  : 0/0
   678 ;;		Unchanged: 0/0
   679 ;; Data sizes:     COMMON   BANK0   BANK1   BANK3   BANK2
   680 ;;      Params:         0       0       0       0       0
   681 ;;      Locals:         0       0       0       0       0
   682 ;;      Temps:          0       0       0       0       0
   683 ;;      Totals:         0       0       0       0       0
   684 ;;Total ram usage:        0 bytes
   685 ;; Hardware stack levels used: 1
   686 ;; Hardware stack levels required when called: 3
   687 ;; This function calls:
   688 ;;		_ADCconfig
   689 ;; This function is called by:
   690 ;;		_main
   691 ;; This function uses a non-reentrant model
   692 ;;
   693                           
   694                           
   695                           ;psect for function _config
   696  00B5                     _config:
   697  00B5                     l1027:	
   698                           ;incstack = 0
   699                           ; Regs used in _config: [wreg-fsr0h+status,2+status,0+pclath+cstack]
   700                           
   701                           
   702                           ;Lab3 Slave.c: 106:     ANSEL = 0x03;
   703  00B5  3003               	movlw	3
   704  00B6  1683               	bsf	3,5	;RP0=1, select bank3
   705  00B7  1703               	bsf	3,6	;RP1=1, select bank3
   706  00B8  0088               	movwf	8	;volatile
   707  00B9                     l1029:
   708                           
   709                           ;Lab3 Slave.c: 107:     ANSELH = 0x00;
   710  00B9  0189               	clrf	9	;volatile
   711  00BA                     l1031:
   712                           
   713                           ;Lab3 Slave.c: 109:     TRISAbits.TRISA0 = 1;
   714  00BA  1683               	bsf	3,5	;RP0=1, select bank1
   715  00BB  1303               	bcf	3,6	;RP1=0, select bank1
   716  00BC  1405               	bsf	5,0	;volatile
   717  00BD                     l1033:
   718                           
   719                           ;Lab3 Slave.c: 110:     TRISAbits.TRISA1 = 1;
   720  00BD  1485               	bsf	5,1	;volatile
   721  00BE                     l1035:
   722                           
   723                           ;Lab3 Slave.c: 111:     TRISB = 0x00;
   724  00BE  0186               	clrf	6	;volatile
   725  00BF                     l1037:
   726                           
   727                           ;Lab3 Slave.c: 112:     TRISD = 0x00;
   728  00BF  0188               	clrf	8	;volatile
   729  00C0                     l1039:
   730                           
   731                           ;Lab3 Slave.c: 113:     TRISE = 0x00;
   732  00C0  0189               	clrf	9	;volatile
   733  00C1                     l1041:
   734                           
   735                           ;Lab3 Slave.c: 115:     PORTA = 0x00;
   736  00C1  1283               	bcf	3,5	;RP0=0, select bank0
   737  00C2  1303               	bcf	3,6	;RP1=0, select bank0
   738  00C3  0185               	clrf	5	;volatile
   739  00C4                     l1043:
   740                           
   741                           ;Lab3 Slave.c: 116:     PORTB = 0x00;
   742  00C4  0186               	clrf	6	;volatile
   743  00C5                     l1045:
   744                           
   745                           ;Lab3 Slave.c: 117:     PORTC = 0x00;
   746  00C5  0187               	clrf	7	;volatile
   747  00C6                     l1047:
   748                           
   749                           ;Lab3 Slave.c: 118:     PORTD = 0x00;
   750  00C6  0188               	clrf	8	;volatile
   751  00C7                     l1049:
   752                           
   753                           ;Lab3 Slave.c: 119:     PORTE = 0x00;
   754  00C7  0189               	clrf	9	;volatile
   755  00C8                     l1051:
   756                           
   757                           ;Lab3 Slave.c: 122:     OSCCONbits.IRCF = 0b111;
   758  00C8  3070               	movlw	112
   759  00C9  1683               	bsf	3,5	;RP0=1, select bank1
   760  00CA  1303               	bcf	3,6	;RP1=0, select bank1
   761  00CB  048F               	iorwf	15,f	;volatile
   762  00CC                     l1053:
   763                           
   764                           ;Lab3 Slave.c: 123:     OSCCONbits.SCS = 1;
   765  00CC  140F               	bsf	15,0	;volatile
   766  00CD                     l1055:
   767                           
   768                           ;Lab3 Slave.c: 126:     OPTION_REGbits.T0CS = 0;
   769  00CD  1281               	bcf	1,5	;volatile
   770  00CE                     l1057:
   771                           
   772                           ;Lab3 Slave.c: 127:     OPTION_REGbits.PSA = 0;
   773  00CE  1181               	bcf	1,3	;volatile
   774  00CF                     l1059:
   775                           
   776                           ;Lab3 Slave.c: 128:     OPTION_REGbits.PS2 = 1;
   777  00CF  1501               	bsf	1,2	;volatile
   778  00D0                     l1061:
   779                           
   780                           ;Lab3 Slave.c: 129:     OPTION_REGbits.PS1 = 1;
   781  00D0  1481               	bsf	1,1	;volatile
   782  00D1                     l1063:
   783                           
   784                           ;Lab3 Slave.c: 130:     OPTION_REGbits.PS0 = 0;
   785  00D1  1001               	bcf	1,0	;volatile
   786  00D2                     l1065:
   787                           
   788                           ;Lab3 Slave.c: 133:     ADCconfig(0,0);
   789  00D2  01F4               	clrf	ADCconfig@just
   790  00D3  3000               	movlw	0
   791  00D4  120A  118A  2070  120A  118A  	fcall	_ADCconfig
   792  00D9                     l1067:
   793                           
   794                           ;Lab3 Slave.c: 134:     PIE1bits.ADIE = 1;
   795  00D9  1683               	bsf	3,5	;RP0=1, select bank1
   796  00DA  1303               	bcf	3,6	;RP1=0, select bank1
   797  00DB  170C               	bsf	12,6	;volatile
   798  00DC                     l1069:
   799                           
   800                           ;Lab3 Slave.c: 135:     PIR1bits.ADIF = 0;
   801  00DC  1283               	bcf	3,5	;RP0=0, select bank0
   802  00DD  1303               	bcf	3,6	;RP1=0, select bank0
   803  00DE  130C               	bcf	12,6	;volatile
   804  00DF                     l1071:
   805                           
   806                           ;Lab3 Slave.c: 138:     INTCONbits.GIE = 1;
   807  00DF  178B               	bsf	11,7	;volatile
   808  00E0                     l1073:
   809                           
   810                           ;Lab3 Slave.c: 139:     INTCONbits.PEIE = 1;
   811  00E0  170B               	bsf	11,6	;volatile
   812  00E1                     l1075:
   813                           
   814                           ;Lab3 Slave.c: 140:     INTCONbits.T0IE = 1;
   815  00E1  168B               	bsf	11,5	;volatile
   816  00E2                     l1077:
   817                           
   818                           ;Lab3 Slave.c: 141:     INTCONbits.T0IF = 0;
   819  00E2  110B               	bcf	11,2	;volatile
   820  00E3                     l1079:
   821                           
   822                           ;Lab3 Slave.c: 142:     PIE1bits.SSPIE = 1;
   823  00E3  1683               	bsf	3,5	;RP0=1, select bank1
   824  00E4  1303               	bcf	3,6	;RP1=0, select bank1
   825  00E5  158C               	bsf	12,3	;volatile
   826  00E6                     l1081:
   827                           
   828                           ;Lab3 Slave.c: 143:     PIR1bits.SSPIF = 0;
   829  00E6  1283               	bcf	3,5	;RP0=0, select bank0
   830  00E7  1303               	bcf	3,6	;RP1=0, select bank0
   831  00E8  118C               	bcf	12,3	;volatile
   832  00E9                     l77:
   833  00E9  0008               	return
   834  00EA                     __end_of_config:
   835                           
   836                           	psect	text3
   837  0070                     __ptext3:	
   838 ;; *************** function _ADCconfig *****************
   839 ;; Defined at:
   840 ;;		line 22 in file "ADC.c"
   841 ;; Parameters:    Size  Location     Type
   842 ;;  canal           1    wreg     unsigned char 
   843 ;;  just            1    4[COMMON] unsigned char 
   844 ;; Auto vars:     Size  Location     Type
   845 ;;  canal           1    0[BANK0 ] unsigned char 
   846 ;; Return value:  Size  Location     Type
   847 ;;                  1    wreg      void 
   848 ;; Registers used:
   849 ;;		wreg, fsr0l, fsr0h, status,2, status,0
   850 ;; Tracked objects:
   851 ;;		On entry : 0/0
   852 ;;		On exit  : 0/0
   853 ;;		Unchanged: 0/0
   854 ;; Data sizes:     COMMON   BANK0   BANK1   BANK3   BANK2
   855 ;;      Params:         1       0       0       0       0
   856 ;;      Locals:         0       1       0       0       0
   857 ;;      Temps:          2       0       0       0       0
   858 ;;      Totals:         3       1       0       0       0
   859 ;;Total ram usage:        4 bytes
   860 ;; Hardware stack levels used: 1
   861 ;; Hardware stack levels required when called: 2
   862 ;; This function calls:
   863 ;;		Nothing
   864 ;; This function is called by:
   865 ;;		_config
   866 ;; This function uses a non-reentrant model
   867 ;;
   868                           
   869                           
   870                           ;psect for function _ADCconfig
   871  0070                     _ADCconfig:
   872                           
   873                           ;incstack = 0
   874                           ; Regs used in _ADCconfig: [wreg-fsr0h+status,2+status,0]
   875                           ;ADCconfig@canal stored from wreg
   876  0070  1283               	bcf	3,5	;RP0=0, select bank0
   877  0071  1303               	bcf	3,6	;RP1=0, select bank0
   878  0072  00A0               	movwf	ADCconfig@canal
   879  0073                     l999:
   880                           
   881                           ;ADC.c: 23:     ADCON1bits.ADFM = just;
   882  0073  0C74               	rrf	ADCconfig@just,w
   883  0074  1683               	bsf	3,5	;RP0=1, select bank1
   884  0075  1303               	bcf	3,6	;RP1=0, select bank1
   885  0076  1C03               	skipc
   886  0077  139F               	bcf	31,7	;volatile
   887  0078  1803               	skipnc
   888  0079  179F               	bsf	31,7	;volatile
   889  007A                     l1001:
   890                           
   891                           ;ADC.c: 24:     ADCON1bits.VCFG0 = 0;
   892  007A  121F               	bcf	31,4	;volatile
   893  007B                     l1003:
   894                           
   895                           ;ADC.c: 25:     ADCON1bits.VCFG1 = 0;
   896  007B  129F               	bcf	31,5	;volatile
   897                           
   898                           ;ADC.c: 27:     switch(OSCCONbits.IRCF){
   899  007C  2895               	goto	l1015
   900  007D                     l1005:
   901                           
   902                           ;ADC.c: 29:             ADCON0bits.ADCS = 0b000;
   903  007D  303F               	movlw	-193
   904  007E  1283               	bcf	3,5	;RP0=0, select bank0
   905  007F  1303               	bcf	3,6	;RP1=0, select bank0
   906  0080  059F               	andwf	31,f	;volatile
   907                           
   908                           ;ADC.c: 30:             break;
   909  0081  28A9               	goto	l1017
   910  0082                     l1007:
   911                           
   912                           ;ADC.c: 32:             ADCON0bits.ADCS = 0b001;
   913  0082  1283               	bcf	3,5	;RP0=0, select bank0
   914  0083  1303               	bcf	3,6	;RP1=0, select bank0
   915  0084  081F               	movf	31,w	;volatile
   916  0085  393F               	andlw	-193
   917  0086  3840               	iorlw	64
   918  0087  009F               	movwf	31	;volatile
   919                           
   920                           ;ADC.c: 33:             break;
   921  0088  28A9               	goto	l1017
   922  0089                     l1009:
   923                           
   924                           ;ADC.c: 35:             ADCON0bits.ADCS = 0b010;
   925  0089  1283               	bcf	3,5	;RP0=0, select bank0
   926  008A  1303               	bcf	3,6	;RP1=0, select bank0
   927  008B  081F               	movf	31,w	;volatile
   928  008C  393F               	andlw	-193
   929  008D  3880               	iorlw	128
   930  008E  009F               	movwf	31	;volatile
   931                           
   932                           ;ADC.c: 36:             break;
   933  008F  28A9               	goto	l1017
   934  0090                     l1011:
   935                           
   936                           ;ADC.c: 38:             ADCON0bits.ADCS = 0b11;
   937  0090  30C0               	movlw	192
   938  0091  1283               	bcf	3,5	;RP0=0, select bank0
   939  0092  1303               	bcf	3,6	;RP1=0, select bank0
   940  0093  049F               	iorwf	31,f	;volatile
   941                           
   942                           ;ADC.c: 39:             break;
   943  0094  28A9               	goto	l1017
   944  0095                     l1015:
   945  0095  0E0F               	swapf	15,w	;volatile
   946  0096  3907               	andlw	7
   947  0097  00F5               	movwf	??_ADCconfig
   948  0098  01F6               	clrf	??_ADCconfig+1
   949                           
   950                           ; Switch on 2 bytes has been partitioned into a top level switch of size 1, and 1 sub-sw
      +                          itches
   951                           ; Switch size 1, requested type "simple"
   952                           ; Number of cases is 1, Range of values is 0 to 0
   953                           ; switch strategies available:
   954                           ; Name         Instructions Cycles
   955                           ; simple_byte            4     3 (average)
   956                           ; direct_byte           11     8 (fixed)
   957                           ; jumptable            260     6 (fixed)
   958                           ;	Chosen strategy is simple_byte
   959  0099  0876               	movf	??_ADCconfig+1,w
   960  009A  3A00               	xorlw	0	; case 0
   961  009B  1903               	skipnz
   962  009C  289E               	goto	l1121
   963  009D  2890               	goto	l1011
   964  009E                     l1121:
   965                           
   966                           ; Switch size 1, requested type "simple"
   967                           ; Number of cases is 3, Range of values is 4 to 7
   968                           ; switch strategies available:
   969                           ; Name         Instructions Cycles
   970                           ; simple_byte           10     6 (average)
   971                           ; direct_byte           23    11 (fixed)
   972                           ; jumptable            263     9 (fixed)
   973                           ;	Chosen strategy is simple_byte
   974  009E  0875               	movf	??_ADCconfig,w
   975  009F  3A04               	xorlw	4	; case 4
   976  00A0  1903               	skipnz
   977  00A1  287D               	goto	l1005
   978  00A2  3A02               	xorlw	2	; case 6
   979  00A3  1903               	skipnz
   980  00A4  2882               	goto	l1007
   981  00A5  3A01               	xorlw	1	; case 7
   982  00A6  1903               	skipnz
   983  00A7  2889               	goto	l1009
   984  00A8  2890               	goto	l1011
   985  00A9                     l1017:
   986                           
   987                           ;ADC.c: 42:     ADCON0bits.CHS = canal;
   988  00A9  0820               	movf	ADCconfig@canal,w
   989  00AA  00F5               	movwf	??_ADCconfig
   990  00AB  0DF5               	rlf	??_ADCconfig,f
   991  00AC  0DF5               	rlf	??_ADCconfig,f
   992  00AD  081F               	movf	31,w	;volatile
   993  00AE  0675               	xorwf	??_ADCconfig,w
   994  00AF  39C3               	andlw	-61
   995  00B0  0675               	xorwf	??_ADCconfig,w
   996  00B1  009F               	movwf	31	;volatile
   997  00B2                     l1019:
   998                           
   999                           ;ADC.c: 43:     ADCON0bits.GO = 0;
  1000  00B2  109F               	bcf	31,1	;volatile
  1001  00B3                     l1021:
  1002                           
  1003                           ;ADC.c: 44:     ADCON0bits.ADON = 1;
  1004  00B3  141F               	bsf	31,0	;volatile
  1005  00B4                     l92:
  1006  00B4  0008               	return
  1007  00B5                     __end_of_ADCconfig:
  1008                           
  1009                           	psect	text4
  1010  0016                     __ptext4:	
  1011 ;; *************** function _interrupcion *****************
  1012 ;; Defined at:
  1013 ;;		line 79 in file "Lab3 Slave.c"
  1014 ;; Parameters:    Size  Location     Type
  1015 ;;		None
  1016 ;; Auto vars:     Size  Location     Type
  1017 ;;		None
  1018 ;; Return value:  Size  Location     Type
  1019 ;;                  1    wreg      void 
  1020 ;; Registers used:
  1021 ;;		wreg, status,2, status,0, pclath, cstack
  1022 ;; Tracked objects:
  1023 ;;		On entry : 0/0
  1024 ;;		On exit  : 0/0
  1025 ;;		Unchanged: 0/0
  1026 ;; Data sizes:     COMMON   BANK0   BANK1   BANK3   BANK2
  1027 ;;      Params:         0       0       0       0       0
  1028 ;;      Locals:         0       0       0       0       0
  1029 ;;      Temps:          3       0       0       0       0
  1030 ;;      Totals:         3       0       0       0       0
  1031 ;;Total ram usage:        3 bytes
  1032 ;; Hardware stack levels used: 1
  1033 ;; Hardware stack levels required when called: 1
  1034 ;; This function calls:
  1035 ;;		_readSPI
  1036 ;;		_sendSPI
  1037 ;; This function is called by:
  1038 ;;		Interrupt level 1
  1039 ;; This function uses a non-reentrant model
  1040 ;;
  1041                           
  1042                           
  1043                           ;psect for function _interrupcion
  1044  0016                     _interrupcion:
  1045  0016                     i1l823:
  1046                           
  1047                           ;Lab3 Slave.c: 80:     if(PIR1bits.ADIF){
  1048  0016  1283               	bcf	3,5	;RP0=0, select bank0
  1049  0017  1303               	bcf	3,6	;RP1=0, select bank0
  1050  0018  1F0C               	btfss	12,6	;volatile
  1051  0019  281B               	goto	u3_21
  1052  001A  281C               	goto	u3_20
  1053  001B                     u3_21:
  1054  001B  2837               	goto	i1l835
  1055  001C                     u3_20:
  1056  001C                     i1l825:
  1057                           
  1058                           ;Lab3 Slave.c: 81:         ADCON0bits.CHS0 = ~ADCON0bits.CHS0;
  1059  001C  1003               	clrc
  1060  001D  1D1F               	btfss	31,2	;volatile
  1061  001E  1403               	setc
  1062  001F  1803               	btfsc	3,0
  1063  0020  2822               	goto	u4_21
  1064  0021  2826               	goto	u4_20
  1065  0022                     u4_21:
  1066  0022  1283               	bcf	3,5	;RP0=0, select bank0
  1067  0023  1303               	bcf	3,6	;RP1=0, select bank0
  1068  0024  151F               	bsf	31,2	;volatile
  1069  0025  2829               	goto	u5_24
  1070  0026                     u4_20:
  1071  0026  1283               	bcf	3,5	;RP0=0, select bank0
  1072  0027  1303               	bcf	3,6	;RP1=0, select bank0
  1073  0028  111F               	bcf	31,2	;volatile
  1074  0029                     u5_24:
  1075  0029                     i1l827:
  1076                           
  1077                           ;Lab3 Slave.c: 82:         PIR1bits.ADIF = 0;
  1078  0029  130C               	bcf	12,6	;volatile
  1079  002A                     i1l829:
  1080                           
  1081                           ;Lab3 Slave.c: 83:         if(!ADCON0bits.CHS0)pot1 = ADRESH;
  1082  002A  191F               	btfsc	31,2	;volatile
  1083  002B  282D               	goto	u6_21
  1084  002C  282E               	goto	u6_20
  1085  002D                     u6_21:
  1086  002D  2833               	goto	i1l833
  1087  002E                     u6_20:
  1088  002E                     i1l831:
  1089  002E  081E               	movf	30,w	;volatile
  1090  002F  00F1               	movwf	??_interrupcion
  1091  0030  0871               	movf	??_interrupcion,w
  1092  0031  00F9               	movwf	_pot1
  1093  0032  2837               	goto	i1l835
  1094  0033                     i1l833:
  1095  0033  081E               	movf	30,w	;volatile
  1096  0034  00F1               	movwf	??_interrupcion
  1097  0035  0871               	movf	??_interrupcion,w
  1098  0036  00F8               	movwf	_pot2
  1099  0037                     i1l835:
  1100                           
  1101                           ;Lab3 Slave.c: 87:     if(INTCONbits.T0IF){
  1102  0037  1D0B               	btfss	11,2	;volatile
  1103  0038  283A               	goto	u7_21
  1104  0039  283B               	goto	u7_20
  1105  003A                     u7_21:
  1106  003A  2841               	goto	i1l68
  1107  003B                     u7_20:
  1108  003B                     i1l837:
  1109                           
  1110                           ;Lab3 Slave.c: 88:         if(!ADCON0bits.GO)ADCON0bits.GO = 1;
  1111  003B  189F               	btfsc	31,1	;volatile
  1112  003C  283E               	goto	u8_21
  1113  003D  283F               	goto	u8_20
  1114  003E                     u8_21:
  1115  003E  2840               	goto	i1l69
  1116  003F                     u8_20:
  1117  003F                     i1l839:
  1118  003F  149F               	bsf	31,1	;volatile
  1119  0040                     i1l69:
  1120                           
  1121                           ;Lab3 Slave.c: 89:         INTCONbits.T0IF = 0;
  1122  0040  110B               	bcf	11,2	;volatile
  1123  0041                     i1l68:	
  1124                           ;Lab3 Slave.c: 90:     }
  1125                           
  1126                           
  1127                           ;Lab3 Slave.c: 92:     if(PIR1bits.SSPIF){
  1128  0041  1D8C               	btfss	12,3	;volatile
  1129  0042  2844               	goto	u9_21
  1130  0043  2845               	goto	u9_20
  1131  0044                     u9_21:
  1132  0044  2869               	goto	i1l74
  1133  0045                     u9_20:
  1134  0045                     i1l841:
  1135                           
  1136                           ;Lab3 Slave.c: 93:         dato = readSPI();
  1137  0045  120A  118A  2120  120A  118A  	fcall	_readSPI
  1138  004A  00F1               	movwf	??_interrupcion
  1139  004B  0871               	movf	??_interrupcion,w
  1140  004C  00F7               	movwf	_dato
  1141  004D                     i1l843:
  1142                           
  1143                           ;Lab3 Slave.c: 94:         if(dato == '1') sendSPI(pot1);
  1144  004D  3031               	movlw	49
  1145  004E  0677               	xorwf	_dato,w
  1146  004F  1D03               	btfss	3,2
  1147  0050  2852               	goto	u10_21
  1148  0051  2853               	goto	u10_20
  1149  0052                     u10_21:
  1150  0052  285A               	goto	i1l847
  1151  0053                     u10_20:
  1152  0053                     i1l845:
  1153  0053  0879               	movf	_pot1,w
  1154  0054  120A  118A  212A  120A  118A  	fcall	_sendSPI
  1155  0059  2866               	goto	i1l851
  1156  005A                     i1l847:
  1157  005A  3032               	movlw	50
  1158  005B  0677               	xorwf	_dato,w
  1159  005C  1D03               	btfss	3,2
  1160  005D  285F               	goto	u11_21
  1161  005E  2860               	goto	u11_20
  1162  005F                     u11_21:
  1163  005F  2866               	goto	i1l851
  1164  0060                     u11_20:
  1165  0060                     i1l849:
  1166  0060  0878               	movf	_pot2,w
  1167  0061  120A  118A  212A  120A  118A  	fcall	_sendSPI
  1168  0066                     i1l851:
  1169                           
  1170                           ;Lab3 Slave.c: 96:         PIR1bits.SSPIF = 0;
  1171  0066  1283               	bcf	3,5	;RP0=0, select bank0
  1172  0067  1303               	bcf	3,6	;RP1=0, select bank0
  1173  0068  118C               	bcf	12,3	;volatile
  1174  0069                     i1l74:
  1175  0069  0873               	movf	??_interrupcion+2,w
  1176  006A  008A               	movwf	10
  1177  006B  0E72               	swapf	??_interrupcion+1,w
  1178  006C  0083               	movwf	3
  1179  006D  0EFE               	swapf	btemp,f
  1180  006E  0E7E               	swapf	btemp,w
  1181  006F  0009               	retfie
  1182  0070                     __end_of_interrupcion:
  1183                           
  1184                           	psect	intentry
  1185  0004                     __pintentry:	
  1186                           ;incstack = 0
  1187                           ; Regs used in _interrupcion: [wreg+status,2+status,0+pclath+cstack]
  1188                           
  1189  0004                     interrupt_function:
  1190  007E                     saved_w	set	btemp
  1191  0004  00FE               	movwf	btemp
  1192  0005  0E03               	swapf	3,w
  1193  0006  00F2               	movwf	??_interrupcion+1
  1194  0007  080A               	movf	10,w
  1195  0008  00F3               	movwf	??_interrupcion+2
  1196  0009  120A  118A  2816   	ljmp	_interrupcion
  1197                           
  1198                           	psect	text5
  1199  012A                     __ptext5:	
  1200 ;; *************** function _sendSPI *****************
  1201 ;; Defined at:
  1202 ;;		line 42 in file "SPI.c"
  1203 ;; Parameters:    Size  Location     Type
  1204 ;;  valor           1    wreg     unsigned char 
  1205 ;; Auto vars:     Size  Location     Type
  1206 ;;  valor           1    0[COMMON] unsigned char 
  1207 ;; Return value:  Size  Location     Type
  1208 ;;                  1    wreg      void 
  1209 ;; Registers used:
  1210 ;;		wreg
  1211 ;; Tracked objects:
  1212 ;;		On entry : 0/0
  1213 ;;		On exit  : 0/0
  1214 ;;		Unchanged: 0/0
  1215 ;; Data sizes:     COMMON   BANK0   BANK1   BANK3   BANK2
  1216 ;;      Params:         0       0       0       0       0
  1217 ;;      Locals:         1       0       0       0       0
  1218 ;;      Temps:          0       0       0       0       0
  1219 ;;      Totals:         1       0       0       0       0
  1220 ;;Total ram usage:        1 bytes
  1221 ;; Hardware stack levels used: 1
  1222 ;; This function calls:
  1223 ;;		Nothing
  1224 ;; This function is called by:
  1225 ;;		_interrupcion
  1226 ;; This function uses a non-reentrant model
  1227 ;;
  1228                           
  1229                           
  1230                           ;psect for function _sendSPI
  1231  012A                     _sendSPI:
  1232                           
  1233                           ;incstack = 0
  1234                           ; Regs used in _sendSPI: [wreg]
  1235                           ;sendSPI@valor stored from wreg
  1236  012A  00F0               	movwf	sendSPI@valor
  1237  012B                     i1l813:
  1238                           
  1239                           ;SPI.c: 43:     SSPBUF = valor;
  1240  012B  0870               	movf	sendSPI@valor,w
  1241  012C  1283               	bcf	3,5	;RP0=0, select bank0
  1242  012D  1303               	bcf	3,6	;RP1=0, select bank0
  1243  012E  0093               	movwf	19	;volatile
  1244  012F                     i1l115:
  1245  012F  0008               	return
  1246  0130                     __end_of_sendSPI:
  1247                           
  1248                           	psect	text6
  1249  0120                     __ptext6:	
  1250 ;; *************** function _readSPI *****************
  1251 ;; Defined at:
  1252 ;;		line 46 in file "SPI.c"
  1253 ;; Parameters:    Size  Location     Type
  1254 ;;		None
  1255 ;; Auto vars:     Size  Location     Type
  1256 ;;		None
  1257 ;; Return value:  Size  Location     Type
  1258 ;;                  1    wreg      unsigned char 
  1259 ;; Registers used:
  1260 ;;		wreg
  1261 ;; Tracked objects:
  1262 ;;		On entry : 0/0
  1263 ;;		On exit  : 0/0
  1264 ;;		Unchanged: 0/0
  1265 ;; Data sizes:     COMMON   BANK0   BANK1   BANK3   BANK2
  1266 ;;      Params:         0       0       0       0       0
  1267 ;;      Locals:         0       0       0       0       0
  1268 ;;      Temps:          0       0       0       0       0
  1269 ;;      Totals:         0       0       0       0       0
  1270 ;;Total ram usage:        0 bytes
  1271 ;; Hardware stack levels used: 1
  1272 ;; This function calls:
  1273 ;;		Nothing
  1274 ;; This function is called by:
  1275 ;;		_interrupcion
  1276 ;; This function uses a non-reentrant model
  1277 ;;
  1278                           
  1279                           
  1280                           ;psect for function _readSPI
  1281  0120                     _readSPI:
  1282  0120                     i1l807:	
  1283                           ;incstack = 0
  1284                           ; Regs used in _readSPI: [wreg]
  1285                           
  1286  0120                     i1l118:	
  1287                           ;SPI.c: 47:     while(!SSPSTATbits.BF);
  1288                           
  1289  0120  1683               	bsf	3,5	;RP0=1, select bank1
  1290  0121  1303               	bcf	3,6	;RP1=0, select bank1
  1291  0122  1C14               	btfss	20,0	;volatile
  1292  0123  2925               	goto	u2_21
  1293  0124  2926               	goto	u2_20
  1294  0125                     u2_21:
  1295  0125  2920               	goto	i1l118
  1296  0126                     u2_20:
  1297  0126                     i1l809:
  1298                           
  1299                           ;SPI.c: 48:     return(SSPBUF);
  1300  0126  1283               	bcf	3,5	;RP0=0, select bank0
  1301  0127  1303               	bcf	3,6	;RP1=0, select bank0
  1302  0128  0813               	movf	19,w	;volatile
  1303  0129                     i1l121:
  1304  0129  0008               	return
  1305  012A                     __end_of_readSPI:
  1306  007E                     btemp	set	126	;btemp
  1307  007E                     wtemp0	set	126
  1308                           
  1309                           	psect	config
  1310                           
  1311                           ;Config register CONFIG1 @ 0x2007
  1312                           ;	Oscillator Selection bits
  1313                           ;	FOSC = INTRC_NOCLKOUT, INTOSCIO oscillator: I/O function on RA6/OSC2/CLKOUT pin, I/O f
      +                          unction on RA7/OSC1/CLKIN
  1314                           ;	Watchdog Timer Enable bit
  1315                           ;	WDTE = OFF, WDT disabled and can be enabled by SWDTEN bit of the WDTCON register
  1316                           ;	Power-up Timer Enable bit
  1317                           ;	PWRTE = OFF, PWRT disabled
  1318                           ;	RE3/MCLR pin function select bit
  1319                           ;	MCLRE = OFF, RE3/MCLR pin function is digital input, MCLR internally tied to VDD
  1320                           ;	Code Protection bit
  1321                           ;	CP = OFF, Program memory code protection is disabled
  1322                           ;	Data Code Protection bit
  1323                           ;	CPD = OFF, Data memory code protection is disabled
  1324                           ;	Brown Out Reset Selection bits
  1325                           ;	BOREN = OFF, BOR disabled
  1326                           ;	Internal External Switchover bit
  1327                           ;	IESO = OFF, Internal/External Switchover mode is disabled
  1328                           ;	Fail-Safe Clock Monitor Enabled bit
  1329                           ;	FCMEN = OFF, Fail-Safe Clock Monitor is disabled
  1330                           ;	Low Voltage Programming Enable bit
  1331                           ;	LVP = OFF, RB3 pin has digital I/O, HV on MCLR must be used for programming
  1332                           ;	In-Circuit Debugger Mode bit
  1333                           ;	DEBUG = 0x1, unprogrammed default
  1334  2007                     	org	8199
  1335  2007  20D4               	dw	8404
  1336                           
  1337                           ;Config register CONFIG2 @ 0x2008
  1338                           ;	Brown-out Reset Selection bit
  1339                           ;	BOR4V = BOR40V, Brown-out Reset set to 4.0V
  1340                           ;	Flash Program Memory Self Write Enable bits
  1341                           ;	WRT = OFF, Write protection off
  1342  2008                     	org	8200
  1343  2008  3FFF               	dw	16383

Data Sizes:
    Strings     0
    Constant    0
    Data        0
    BSS         3
    Persistent  0
    Stack       0

Auto Spaces:
    Space          Size  Autos    Used
    COMMON           14      7      10
    BANK0            80      1       1
    BANK1            80      0       0
    BANK3            96      0       0
    BANK2            96      0       0

Pointer List with Targets:

    None.

Critical Paths under _main in COMMON

    _main->_spiInit
    _config->_ADCconfig

Critical Paths under _interrupcion in COMMON

    _interrupcion->_sendSPI

Critical Paths under _main in BANK0

    _main->_spiInit
    _config->_ADCconfig

Critical Paths under _interrupcion in BANK0

    None.

Critical Paths under _main in BANK1

    None.

Critical Paths under _interrupcion in BANK1

    None.

Critical Paths under _main in BANK3

    None.

Critical Paths under _interrupcion in BANK3

    None.

Critical Paths under _main in BANK2

    None.

Critical Paths under _interrupcion in BANK2

    None.

Call Graph Tables:

 ---------------------------------------------------------------------------------
 (Depth) Function   	        Calls       Base Space   Used Autos Params    Refs
 ---------------------------------------------------------------------------------
 (0) _main                                                 0     0      0     608
                             _config
                            _spiInit
 ---------------------------------------------------------------------------------
 (1) _spiInit                                              4     1      3     456
                                              4 COMMON     3     0      3
                                              0 BANK0      1     1      0
 ---------------------------------------------------------------------------------
 (1) _config                                               0     0      0     152
                          _ADCconfig
 ---------------------------------------------------------------------------------
 (2) _ADCconfig                                            4     3      1     152
                                              4 COMMON     3     2      1
                                              0 BANK0      1     1      0
 ---------------------------------------------------------------------------------
 Estimated maximum stack depth 2
 ---------------------------------------------------------------------------------
 (Depth) Function   	        Calls       Base Space   Used Autos Params    Refs
 ---------------------------------------------------------------------------------
 (3) _interrupcion                                         3     3      0      15
                                              1 COMMON     3     3      0
                            _readSPI
                            _sendSPI
 ---------------------------------------------------------------------------------
 (4) _sendSPI                                              1     1      0      15
                                              0 COMMON     1     1      0
 ---------------------------------------------------------------------------------
 (4) _readSPI                                              0     0      0       0
 ---------------------------------------------------------------------------------
 Estimated maximum stack depth 4
 ---------------------------------------------------------------------------------

 Call Graph Graphs:

 _main (ROOT)
   _config
     _ADCconfig
   _spiInit

 _interrupcion (ROOT)
   _readSPI
   _sendSPI

 Address spaces:
Name               Size   Autos  Total    Cost      Usage
BITCOMMON            E      0       0       0        0.0%
EEDATA             100      0       0       0        0.0%
NULL                 0      0       0       0        0.0%
CODE                 0      0       0       0        0.0%
COMMON               E      7       A       1       71.4%
BITSFR0              0      0       0       1        0.0%
SFR0                 0      0       0       1        0.0%
BITSFR1              0      0       0       2        0.0%
SFR1                 0      0       0       2        0.0%
STACK                0      0       0       2        0.0%
ABS                  0      0       B       3        0.0%
BITBANK0            50      0       0       4        0.0%
BITSFR3              0      0       0       4        0.0%
SFR3                 0      0       0       4        0.0%
BANK0               50      1       1       5        1.2%
BITSFR2              0      0       0       5        0.0%
SFR2                 0      0       0       5        0.0%
BITBANK1            50      0       0       6        0.0%
BANK1               50      0       0       7        0.0%
BITBANK3            60      0       0       8        0.0%
BANK3               60      0       0       9        0.0%
BITBANK2            60      0       0      10        0.0%
BANK2               60      0       0      11        0.0%
DATA                 0      0       B      12        0.0%


Microchip Technology PIC Macro Assembler V2.32 build 20210201212658 
Symbol Table                                                                                   Mon Aug 02 15:51:14 2021

            _SSPSTATbits 0094                       l92 00B4                       l77 00E9  
                    l111 0102                      l112 0107                      l999 0073  
     __size_of_ADCconfig 0045                      u140 00F6                      u141 00F5  
                   l1001 007A                     l1011 0090                     l1003 007B  
                   l1021 00B3                     l1005 007D                     l1007 0082  
                   l1015 0095                     l1031 00BA                     l1121 009E  
                   l1009 0089                     l1017 00A9                     l1041 00C1  
                   l1033 00BD                     l1019 00B2                     l1051 00C8  
                   l1043 00C4                     l1035 00BE                     l1027 00B5  
                   l1061 00D0                     l1053 00CC                     l1045 00C5  
                   l1037 00BF                     l1029 00B9                     l1071 00DF  
                   l1063 00D1                     l1055 00CD                     l1047 00C6  
                   l1039 00C0                     l1081 00E6                     l1073 00E0  
                   l1065 00D2                     l1057 00CE                     l1049 00C7  
                   l1075 00E1                     l1067 00D9                     l1059 00CF  
                   l1091 0101                     l1083 00ED                     l1077 00E2  
                   l1069 00DC                     l1085 00F6                     l1093 0108  
                   l1079 00E3                     l1087 00FA                     l1095 010D  
                   l1089 00FC                     l1097 0116                     l1099 011A  
                   i1l74 0069                     i1l68 0041                     i1l69 0040  
                   u2_20 0126                     u2_21 0125                     u3_20 001C  
                   u3_21 001B                     u4_20 0026                     u4_21 0022  
                   u5_24 0029                     u6_20 002E                     u6_21 002D  
                   u7_20 003B                     u7_21 003A                     u8_20 003F  
                   u8_21 003E                     u9_20 0045                     u9_21 0044  
                   _dato 0077                     _main 0108                     _pot1 0079  
                   _pot2 0078                     btemp 007E                     start 000C  
                  ?_main 0070                    _ANSEL 0188                    i1l121 0129  
                  i1l115 012F                    i1l118 0120                    i1l813 012B  
                  i1l807 0120                    i1l831 002E                    i1l823 0016  
                  i1l809 0126                    i1l841 0045                    i1l833 0033  
                  i1l825 001C                    i1l851 0066                    i1l843 004D  
                  i1l827 0029                    i1l835 0037                    i1l845 0053  
                  i1l837 003B                    i1l829 002A                    i1l847 005A  
                  i1l839 003F                    i1l849 0060                    u10_20 0053  
                  u10_21 0052                    u11_20 0060                    u11_21 005F  
                  _PORTA 0005                    _PORTB 0006                    _PORTC 0007  
                  _PORTD 0008                    _PORTE 0009                    _TRISB 0086  
                  _TRISD 0088                    _TRISE 0089          __end_of_readSPI 012A  
        __end_of_sendSPI 0130                    pclath 000A          __end_of_spiInit 0108  
                  status 0003                    wtemp0 007E        __end_of_ADCconfig 00B5  
        __initialization 000F             __end_of_main 0120                   ??_main 0077  
                 _ADRESH 001E                   _ANSELH 0189            ADCconfig@just 0074  
                 _TRISC3 043B                   _TRISC5 043D                   _SSPCON 0014  
                 _SSPBUF 0013                   _config 00B5                ??_readSPI 0070  
              ??_sendSPI 0070                   saved_w 007E                ??_spiInit 0077  
__end_of__initialization 0012           __pcstackCOMMON 0070            ?_interrupcion 0070  
         _OPTION_REGbits 0081           ??_interrupcion 0071               __pmaintext 0108  
             __pintentry 0004                  ?_config 0070           ADCconfig@canal 0020  
                _SSPSTAT 0094                _ADCconfig 0070          __size_of_config 0035  
                __ptext1 00EA                  __ptext2 00B5                  __ptext3 0070  
                __ptext4 0016                  __ptext5 012A                  __ptext6 0120  
                _readSPI 0120                  _sendSPI 012A                  _spiInit 00EA  
   end_of_initialization 0012               ?_ADCconfig 0074                _TRISAbits 0085  
   __end_of_interrupcion 0070           __end_of_config 00EA      start_initialization 000F  
            ??_ADCconfig 0075             sendSPI@valor 0070                 ??_config 0077  
            __pbssCOMMON 0077                ___latbits 0002            __pcstackBANK0 0020  
  __size_of_interrupcion 005A                 ?_readSPI 0070                 ?_sendSPI 0070  
               ?_spiInit 0074     spiInit@sTransmitEdge 0076        interrupt_function 0004  
               _PIE1bits 008C       spiInit@sDataSample 0074                 _PIR1bits 000C  
           _interrupcion 0016               _ADCON0bits 001F               _ADCON1bits 009F  
       __size_of_readSPI 000A         __size_of_sendSPI 0006         __size_of_spiInit 001E  
          __size_of_main 0018             spiInit@sType 0020        spiInit@sClockIdle 0075  
             _INTCONbits 000B                 intlevel1 0000               _OSCCONbits 008F  
